[2025-06-28 10:01:49] local.ERROR: Database file at path [C:\Users\Devy Relliani\College_Project\PPPL\cegah-banjir\database\database.sqlite] does not exist. Ensure this is an absolute path to the database. (Connection: sqlite, SQL: select * from "sessions" where "id" = Q41lB8rA6c3cDtB6C59Kpa65uyVV3VtdUg0UyFOa limit 1) {"exception":"[object] (Illuminate\\Database\\QueryException(code: 0): Database file at path [C:\\Users\\Devy Relliani\\College_Project\\PPPL\\cegah-banjir\\database\\database.sqlite] does not exist. Ensure this is an absolute path to the database. (Connection: sqlite, SQL: select * from \"sessions\" where \"id\" = Q41lB8rA6c3cDtB6C59Kpa65uyVV3VtdUg0UyFOa limit 1) at C:\\Users\\Devy Relliani\\College_Project\\PPPL\\cegah-banjir\\vendor\\laravel\\framework\\src\\Illuminate\\Database\\Connection.php:822)
[stacktrace]
#0 C:\\Users\\Devy Relliani\\College_Project\\PPPL\\cegah-banjir\\vendor\\laravel\\framework\\src\\Illuminate\\Database\\Connection.php(776): Illuminate\\Database\\Connection->runQueryCallback()
#1 C:\\Users\\Devy Relliani\\College_Project\\PPPL\\cegah-banjir\\vendor\\laravel\\framework\\src\\Illuminate\\Database\\Connection.php(395): Illuminate\\Database\\Connection->run()
#2 C:\\Users\\Devy Relliani\\College_Project\\PPPL\\cegah-banjir\\vendor\\laravel\\framework\\src\\Illuminate\\Database\\Query\\Builder.php(3131): Illuminate\\Database\\Connection->select()
#3 C:\\Users\\Devy Relliani\\College_Project\\PPPL\\cegah-banjir\\vendor\\laravel\\framework\\src\\Illuminate\\Database\\Query\\Builder.php(3116): Illuminate\\Database\\Query\\Builder->runSelect()
#4 C:\\Users\\Devy Relliani\\College_Project\\PPPL\\cegah-banjir\\vendor\\laravel\\framework\\src\\Illuminate\\Database\\Query\\Builder.php(3706): Illuminate\\Database\\Query\\Builder->Illuminate\\Database\\Query\\{closure}()
#5 C:\\Users\\Devy Relliani\\College_Project\\PPPL\\cegah-banjir\\vendor\\laravel\\framework\\src\\Illuminate\\Database\\Query\\Builder.php(3115): Illuminate\\Database\\Query\\Builder->onceWithColumns()
#6 C:\\Users\\Devy Relliani\\College_Project\\PPPL\\cegah-banjir\\vendor\\laravel\\framework\\src\\Illuminate\\Database\\Concerns\\BuildsQueries.php(366): Illuminate\\Database\\Query\\Builder->get()
#7 C:\\Users\\Devy Relliani\\College_Project\\PPPL\\cegah-banjir\\vendor\\laravel\\framework\\src\\Illuminate\\Database\\Query\\Builder.php(3038): Illuminate\\Database\\Query\\Builder->first()
#8 C:\\Users\\Devy Relliani\\College_Project\\PPPL\\cegah-banjir\\vendor\\laravel\\framework\\src\\Illuminate\\Session\\DatabaseSessionHandler.php(96): Illuminate\\Database\\Query\\Builder->find()
#9 C:\\Users\\Devy Relliani\\College_Project\\PPPL\\cegah-banjir\\vendor\\laravel\\framework\\src\\Illuminate\\Session\\Store.php(116): Illuminate\\Session\\DatabaseSessionHandler->read()
#10 C:\\Users\\Devy Relliani\\College_Project\\PPPL\\cegah-banjir\\vendor\\laravel\\framework\\src\\Illuminate\\Session\\Store.php(104): Illuminate\\Session\\Store->readFromHandler()
#11 C:\\Users\\Devy Relliani\\College_Project\\PPPL\\cegah-banjir\\vendor\\laravel\\framework\\src\\Illuminate\\Session\\Store.php(88): Illuminate\\Session\\Store->loadSession()
#12 C:\\Users\\Devy Relliani\\College_Project\\PPPL\\cegah-banjir\\vendor\\laravel\\framework\\src\\Illuminate\\Session\\Middleware\\StartSession.php(146): Illuminate\\Session\\Store->start()
#13 C:\\Users\\Devy Relliani\\College_Project\\PPPL\\cegah-banjir\\vendor\\laravel\\framework\\src\\Illuminate\\Support\\helpers.php(399): Illuminate\\Session\\Middleware\\StartSession->Illuminate\\Session\\Middleware\\{closure}()
#14 C:\\Users\\Devy Relliani\\College_Project\\PPPL\\cegah-banjir\\vendor\\laravel\\framework\\src\\Illuminate\\Session\\Middleware\\StartSession.php(143): tap()
#15 C:\\Users\\Devy Relliani\\College_Project\\PPPL\\cegah-banjir\\vendor\\laravel\\framework\\src\\Illuminate\\Session\\Middleware\\StartSession.php(115): Illuminate\\Session\\Middleware\\StartSession->startSession()
#16 C:\\Users\\Devy Relliani\\College_Project\\PPPL\\cegah-banjir\\vendor\\laravel\\framework\\src\\Illuminate\\Session\\Middleware\\StartSession.php(63): Illuminate\\Session\\Middleware\\StartSession->handleStatefulRequest()
#17 C:\\Users\\Devy Relliani\\College_Project\\PPPL\\cegah-banjir\\vendor\\laravel\\framework\\src\\Illuminate\\Pipeline\\Pipeline.php(208): Illuminate\\Session\\Middleware\\StartSession->handle()
#18 C:\\Users\\Devy Relliani\\College_Project\\PPPL\\cegah-banjir\\vendor\\laravel\\framework\\src\\Illuminate\\Cookie\\Middleware\\AddQueuedCookiesToResponse.php(36): Illuminate\\Pipeline\\Pipeline->Illuminate\\Pipeline\\{closure}()
#19 C:\\Users\\Devy Relliani\\College_Project\\PPPL\\cegah-banjir\\vendor\\laravel\\framework\\src\\Illuminate\\Pipeline\\Pipeline.php(208): Illuminate\\Cookie\\Middleware\\AddQueuedCookiesToResponse->handle()
#20 C:\\Users\\Devy Relliani\\College_Project\\PPPL\\cegah-banjir\\vendor\\laravel\\framework\\src\\Illuminate\\Cookie\\Middleware\\EncryptCookies.php(74): Illuminate\\Pipeline\\Pipeline->Illuminate\\Pipeline\\{closure}()
#21 C:\\Users\\Devy Relliani\\College_Project\\PPPL\\cegah-banjir\\vendor\\laravel\\framework\\src\\Illuminate\\Pipeline\\Pipeline.php(208): Illuminate\\Cookie\\Middleware\\EncryptCookies->handle()
#22 C:\\Users\\Devy Relliani\\College_Project\\PPPL\\cegah-banjir\\vendor\\laravel\\framework\\src\\Illuminate\\Pipeline\\Pipeline.php(126): Illuminate\\Pipeline\\Pipeline->Illuminate\\Pipeline\\{closure}()
#23 C:\\Users\\Devy Relliani\\College_Project\\PPPL\\cegah-banjir\\vendor\\laravel\\framework\\src\\Illuminate\\Routing\\Router.php(807): Illuminate\\Pipeline\\Pipeline->then()
#24 C:\\Users\\Devy Relliani\\College_Project\\PPPL\\cegah-banjir\\vendor\\laravel\\framework\\src\\Illuminate\\Routing\\Router.php(786): Illuminate\\Routing\\Router->runRouteWithinStack()
#25 C:\\Users\\Devy Relliani\\College_Project\\PPPL\\cegah-banjir\\vendor\\laravel\\framework\\src\\Illuminate\\Routing\\Router.php(750): Illuminate\\Routing\\Router->runRoute()
#26 C:\\Users\\Devy Relliani\\College_Project\\PPPL\\cegah-banjir\\vendor\\laravel\\framework\\src\\Illuminate\\Routing\\Router.php(739): Illuminate\\Routing\\Router->dispatchToRoute()
#27 C:\\Users\\Devy Relliani\\College_Project\\PPPL\\cegah-banjir\\vendor\\laravel\\framework\\src\\Illuminate\\Foundation\\Http\\Kernel.php(200): Illuminate\\Routing\\Router->dispatch()
#28 C:\\Users\\Devy Relliani\\College_Project\\PPPL\\cegah-banjir\\vendor\\laravel\\framework\\src\\Illuminate\\Pipeline\\Pipeline.php(169): Illuminate\\Foundation\\Http\\Kernel->Illuminate\\Foundation\\Http\\{closure}()
#29 C:\\Users\\Devy Relliani\\College_Project\\PPPL\\cegah-banjir\\vendor\\laravel\\framework\\src\\Illuminate\\Foundation\\Http\\Middleware\\TransformsRequest.php(21): Illuminate\\Pipeline\\Pipeline->Illuminate\\Pipeline\\{closure}()
#30 C:\\Users\\Devy Relliani\\College_Project\\PPPL\\cegah-banjir\\vendor\\laravel\\framework\\src\\Illuminate\\Foundation\\Http\\Middleware\\ConvertEmptyStringsToNull.php(31): Illuminate\\Foundation\\Http\\Middleware\\TransformsRequest->handle()
#31 C:\\Users\\Devy Relliani\\College_Project\\PPPL\\cegah-banjir\\vendor\\laravel\\framework\\src\\Illuminate\\Pipeline\\Pipeline.php(208): Illuminate\\Foundation\\Http\\Middleware\\ConvertEmptyStringsToNull->handle()
#32 C:\\Users\\Devy Relliani\\College_Project\\PPPL\\cegah-banjir\\vendor\\laravel\\framework\\src\\Illuminate\\Foundation\\Http\\Middleware\\TransformsRequest.php(21): Illuminate\\Pipeline\\Pipeline->Illuminate\\Pipeline\\{closure}()
#33 C:\\Users\\Devy Relliani\\College_Project\\PPPL\\cegah-banjir\\vendor\\laravel\\framework\\src\\Illuminate\\Foundation\\Http\\Middleware\\TrimStrings.php(51): Illuminate\\Foundation\\Http\\Middleware\\TransformsRequest->handle()
#34 C:\\Users\\Devy Relliani\\College_Project\\PPPL\\cegah-banjir\\vendor\\laravel\\framework\\src\\Illuminate\\Pipeline\\Pipeline.php(208): Illuminate\\Foundation\\Http\\Middleware\\TrimStrings->handle()
#35 C:\\Users\\Devy Relliani\\College_Project\\PPPL\\cegah-banjir\\vendor\\laravel\\framework\\src\\Illuminate\\Http\\Middleware\\ValidatePostSize.php(27): Illuminate\\Pipeline\\Pipeline->Illuminate\\Pipeline\\{closure}()
#36 C:\\Users\\Devy Relliani\\College_Project\\PPPL\\cegah-banjir\\vendor\\laravel\\framework\\src\\Illuminate\\Pipeline\\Pipeline.php(208): Illuminate\\Http\\Middleware\\ValidatePostSize->handle()
#37 C:\\Users\\Devy Relliani\\College_Project\\PPPL\\cegah-banjir\\vendor\\laravel\\framework\\src\\Illuminate\\Foundation\\Http\\Middleware\\PreventRequestsDuringMaintenance.php(109): Illuminate\\Pipeline\\Pipeline->Illuminate\\Pipeline\\{closure}()
#38 C:\\Users\\Devy Relliani\\College_Project\\PPPL\\cegah-banjir\\vendor\\laravel\\framework\\src\\Illuminate\\Pipeline\\Pipeline.php(208): Illuminate\\Foundation\\Http\\Middleware\\PreventRequestsDuringMaintenance->handle()
#39 C:\\Users\\Devy Relliani\\College_Project\\PPPL\\cegah-banjir\\vendor\\laravel\\framework\\src\\Illuminate\\Http\\Middleware\\HandleCors.php(48): Illuminate\\Pipeline\\Pipeline->Illuminate\\Pipeline\\{closure}()
#40 C:\\Users\\Devy Relliani\\College_Project\\PPPL\\cegah-banjir\\vendor\\laravel\\framework\\src\\Illuminate\\Pipeline\\Pipeline.php(208): Illuminate\\Http\\Middleware\\HandleCors->handle()
#41 C:\\Users\\Devy Relliani\\College_Project\\PPPL\\cegah-banjir\\vendor\\laravel\\framework\\src\\Illuminate\\Http\\Middleware\\TrustProxies.php(58): Illuminate\\Pipeline\\Pipeline->Illuminate\\Pipeline\\{closure}()
#42 C:\\Users\\Devy Relliani\\College_Project\\PPPL\\cegah-banjir\\vendor\\laravel\\framework\\src\\Illuminate\\Pipeline\\Pipeline.php(208): Illuminate\\Http\\Middleware\\TrustProxies->handle()
#43 C:\\Users\\Devy Relliani\\College_Project\\PPPL\\cegah-banjir\\vendor\\laravel\\framework\\src\\Illuminate\\Foundation\\Http\\Middleware\\InvokeDeferredCallbacks.php(22): Illuminate\\Pipeline\\Pipeline->Illuminate\\Pipeline\\{closure}()
#44 C:\\Users\\Devy Relliani\\College_Project\\PPPL\\cegah-banjir\\vendor\\laravel\\framework\\src\\Illuminate\\Pipeline\\Pipeline.php(208): Illuminate\\Foundation\\Http\\Middleware\\InvokeDeferredCallbacks->handle()
#45 C:\\Users\\Devy Relliani\\College_Project\\PPPL\\cegah-banjir\\vendor\\laravel\\framework\\src\\Illuminate\\Http\\Middleware\\ValidatePathEncoding.php(26): Illuminate\\Pipeline\\Pipeline->Illuminate\\Pipeline\\{closure}()
#46 C:\\Users\\Devy Relliani\\College_Project\\PPPL\\cegah-banjir\\vendor\\laravel\\framework\\src\\Illuminate\\Pipeline\\Pipeline.php(208): Illuminate\\Http\\Middleware\\ValidatePathEncoding->handle()
#47 C:\\Users\\Devy Relliani\\College_Project\\PPPL\\cegah-banjir\\vendor\\laravel\\framework\\src\\Illuminate\\Pipeline\\Pipeline.php(126): Illuminate\\Pipeline\\Pipeline->Illuminate\\Pipeline\\{closure}()
#48 C:\\Users\\Devy Relliani\\College_Project\\PPPL\\cegah-banjir\\vendor\\laravel\\framework\\src\\Illuminate\\Foundation\\Http\\Kernel.php(175): Illuminate\\Pipeline\\Pipeline->then()
#49 C:\\Users\\Devy Relliani\\College_Project\\PPPL\\cegah-banjir\\vendor\\laravel\\framework\\src\\Illuminate\\Foundation\\Http\\Kernel.php(144): Illuminate\\Foundation\\Http\\Kernel->sendRequestThroughRouter()
#50 C:\\Users\\Devy Relliani\\College_Project\\PPPL\\cegah-banjir\\vendor\\laravel\\framework\\src\\Illuminate\\Foundation\\Application.php(1219): Illuminate\\Foundation\\Http\\Kernel->handle()
#51 C:\\Users\\Devy Relliani\\College_Project\\PPPL\\cegah-banjir\\public\\index.php(20): Illuminate\\Foundation\\Application->handleRequest()
#52 C:\\Users\\Devy Relliani\\College_Project\\PPPL\\cegah-banjir\\vendor\\laravel\\framework\\src\\Illuminate\\Foundation\\resources\\server.php(23): require_once('...')
#53 {main}

[previous exception] [object] (Illuminate\\Database\\SQLiteDatabaseDoesNotExistException(code: 0): Database file at path [C:\\Users\\Devy Relliani\\College_Project\\PPPL\\cegah-banjir\\database\\database.sqlite] does not exist. Ensure this is an absolute path to the database. at C:\\Users\\Devy Relliani\\College_Project\\PPPL\\cegah-banjir\\vendor\\laravel\\framework\\src\\Illuminate\\Database\\Connectors\\SQLiteConnector.php:59)
[stacktrace]
#0 C:\\Users\\Devy Relliani\\College_Project\\PPPL\\cegah-banjir\\vendor\\laravel\\framework\\src\\Illuminate\\Database\\Connectors\\SQLiteConnector.php(19): Illuminate\\Database\\Connectors\\SQLiteConnector->parseDatabasePath()
#1 C:\\Users\\Devy Relliani\\College_Project\\PPPL\\cegah-banjir\\vendor\\laravel\\framework\\src\\Illuminate\\Database\\Connectors\\ConnectionFactory.php(223): Illuminate\\Database\\Connectors\\SQLiteConnector->connect()
#2 [internal function]: Illuminate\\Database\\Connectors\\ConnectionFactory->Illuminate\\Database\\Connectors\\{closure}()
#3 C:\\Users\\Devy Relliani\\College_Project\\PPPL\\cegah-banjir\\vendor\\laravel\\framework\\src\\Illuminate\\Database\\Connection.php(1228): call_user_func()
#4 C:\\Users\\Devy Relliani\\College_Project\\PPPL\\cegah-banjir\\vendor\\laravel\\framework\\src\\Illuminate\\Database\\Connection.php(509): Illuminate\\Database\\Connection->getPdo()
#5 C:\\Users\\Devy Relliani\\College_Project\\PPPL\\cegah-banjir\\vendor\\laravel\\framework\\src\\Illuminate\\Database\\Connection.php(404): Illuminate\\Database\\Connection->getPdoForSelect()
#6 C:\\Users\\Devy Relliani\\College_Project\\PPPL\\cegah-banjir\\vendor\\laravel\\framework\\src\\Illuminate\\Database\\Connection.php(809): Illuminate\\Database\\Connection->Illuminate\\Database\\{closure}()
#7 C:\\Users\\Devy Relliani\\College_Project\\PPPL\\cegah-banjir\\vendor\\laravel\\framework\\src\\Illuminate\\Database\\Connection.php(776): Illuminate\\Database\\Connection->runQueryCallback()
#8 C:\\Users\\Devy Relliani\\College_Project\\PPPL\\cegah-banjir\\vendor\\laravel\\framework\\src\\Illuminate\\Database\\Connection.php(395): Illuminate\\Database\\Connection->run()
#9 C:\\Users\\Devy Relliani\\College_Project\\PPPL\\cegah-banjir\\vendor\\laravel\\framework\\src\\Illuminate\\Database\\Query\\Builder.php(3131): Illuminate\\Database\\Connection->select()
#10 C:\\Users\\Devy Relliani\\College_Project\\PPPL\\cegah-banjir\\vendor\\laravel\\framework\\src\\Illuminate\\Database\\Query\\Builder.php(3116): Illuminate\\Database\\Query\\Builder->runSelect()
#11 C:\\Users\\Devy Relliani\\College_Project\\PPPL\\cegah-banjir\\vendor\\laravel\\framework\\src\\Illuminate\\Database\\Query\\Builder.php(3706): Illuminate\\Database\\Query\\Builder->Illuminate\\Database\\Query\\{closure}()
#12 C:\\Users\\Devy Relliani\\College_Project\\PPPL\\cegah-banjir\\vendor\\laravel\\framework\\src\\Illuminate\\Database\\Query\\Builder.php(3115): Illuminate\\Database\\Query\\Builder->onceWithColumns()
#13 C:\\Users\\Devy Relliani\\College_Project\\PPPL\\cegah-banjir\\vendor\\laravel\\framework\\src\\Illuminate\\Database\\Concerns\\BuildsQueries.php(366): Illuminate\\Database\\Query\\Builder->get()
#14 C:\\Users\\Devy Relliani\\College_Project\\PPPL\\cegah-banjir\\vendor\\laravel\\framework\\src\\Illuminate\\Database\\Query\\Builder.php(3038): Illuminate\\Database\\Query\\Builder->first()
#15 C:\\Users\\Devy Relliani\\College_Project\\PPPL\\cegah-banjir\\vendor\\laravel\\framework\\src\\Illuminate\\Session\\DatabaseSessionHandler.php(96): Illuminate\\Database\\Query\\Builder->find()
#16 C:\\Users\\Devy Relliani\\College_Project\\PPPL\\cegah-banjir\\vendor\\laravel\\framework\\src\\Illuminate\\Session\\Store.php(116): Illuminate\\Session\\DatabaseSessionHandler->read()
#17 C:\\Users\\Devy Relliani\\College_Project\\PPPL\\cegah-banjir\\vendor\\laravel\\framework\\src\\Illuminate\\Session\\Store.php(104): Illuminate\\Session\\Store->readFromHandler()
#18 C:\\Users\\Devy Relliani\\College_Project\\PPPL\\cegah-banjir\\vendor\\laravel\\framework\\src\\Illuminate\\Session\\Store.php(88): Illuminate\\Session\\Store->loadSession()
#19 C:\\Users\\Devy Relliani\\College_Project\\PPPL\\cegah-banjir\\vendor\\laravel\\framework\\src\\Illuminate\\Session\\Middleware\\StartSession.php(146): Illuminate\\Session\\Store->start()
#20 C:\\Users\\Devy Relliani\\College_Project\\PPPL\\cegah-banjir\\vendor\\laravel\\framework\\src\\Illuminate\\Support\\helpers.php(399): Illuminate\\Session\\Middleware\\StartSession->Illuminate\\Session\\Middleware\\{closure}()
#21 C:\\Users\\Devy Relliani\\College_Project\\PPPL\\cegah-banjir\\vendor\\laravel\\framework\\src\\Illuminate\\Session\\Middleware\\StartSession.php(143): tap()
#22 C:\\Users\\Devy Relliani\\College_Project\\PPPL\\cegah-banjir\\vendor\\laravel\\framework\\src\\Illuminate\\Session\\Middleware\\StartSession.php(115): Illuminate\\Session\\Middleware\\StartSession->startSession()
#23 C:\\Users\\Devy Relliani\\College_Project\\PPPL\\cegah-banjir\\vendor\\laravel\\framework\\src\\Illuminate\\Session\\Middleware\\StartSession.php(63): Illuminate\\Session\\Middleware\\StartSession->handleStatefulRequest()
#24 C:\\Users\\Devy Relliani\\College_Project\\PPPL\\cegah-banjir\\vendor\\laravel\\framework\\src\\Illuminate\\Pipeline\\Pipeline.php(208): Illuminate\\Session\\Middleware\\StartSession->handle()
#25 C:\\Users\\Devy Relliani\\College_Project\\PPPL\\cegah-banjir\\vendor\\laravel\\framework\\src\\Illuminate\\Cookie\\Middleware\\AddQueuedCookiesToResponse.php(36): Illuminate\\Pipeline\\Pipeline->Illuminate\\Pipeline\\{closure}()
#26 C:\\Users\\Devy Relliani\\College_Project\\PPPL\\cegah-banjir\\vendor\\laravel\\framework\\src\\Illuminate\\Pipeline\\Pipeline.php(208): Illuminate\\Cookie\\Middleware\\AddQueuedCookiesToResponse->handle()
#27 C:\\Users\\Devy Relliani\\College_Project\\PPPL\\cegah-banjir\\vendor\\laravel\\framework\\src\\Illuminate\\Cookie\\Middleware\\EncryptCookies.php(74): Illuminate\\Pipeline\\Pipeline->Illuminate\\Pipeline\\{closure}()
#28 C:\\Users\\Devy Relliani\\College_Project\\PPPL\\cegah-banjir\\vendor\\laravel\\framework\\src\\Illuminate\\Pipeline\\Pipeline.php(208): Illuminate\\Cookie\\Middleware\\EncryptCookies->handle()
#29 C:\\Users\\Devy Relliani\\College_Project\\PPPL\\cegah-banjir\\vendor\\laravel\\framework\\src\\Illuminate\\Pipeline\\Pipeline.php(126): Illuminate\\Pipeline\\Pipeline->Illuminate\\Pipeline\\{closure}()
#30 C:\\Users\\Devy Relliani\\College_Project\\PPPL\\cegah-banjir\\vendor\\laravel\\framework\\src\\Illuminate\\Routing\\Router.php(807): Illuminate\\Pipeline\\Pipeline->then()
#31 C:\\Users\\Devy Relliani\\College_Project\\PPPL\\cegah-banjir\\vendor\\laravel\\framework\\src\\Illuminate\\Routing\\Router.php(786): Illuminate\\Routing\\Router->runRouteWithinStack()
#32 C:\\Users\\Devy Relliani\\College_Project\\PPPL\\cegah-banjir\\vendor\\laravel\\framework\\src\\Illuminate\\Routing\\Router.php(750): Illuminate\\Routing\\Router->runRoute()
#33 C:\\Users\\Devy Relliani\\College_Project\\PPPL\\cegah-banjir\\vendor\\laravel\\framework\\src\\Illuminate\\Routing\\Router.php(739): Illuminate\\Routing\\Router->dispatchToRoute()
#34 C:\\Users\\Devy Relliani\\College_Project\\PPPL\\cegah-banjir\\vendor\\laravel\\framework\\src\\Illuminate\\Foundation\\Http\\Kernel.php(200): Illuminate\\Routing\\Router->dispatch()
#35 C:\\Users\\Devy Relliani\\College_Project\\PPPL\\cegah-banjir\\vendor\\laravel\\framework\\src\\Illuminate\\Pipeline\\Pipeline.php(169): Illuminate\\Foundation\\Http\\Kernel->Illuminate\\Foundation\\Http\\{closure}()
#36 C:\\Users\\Devy Relliani\\College_Project\\PPPL\\cegah-banjir\\vendor\\laravel\\framework\\src\\Illuminate\\Foundation\\Http\\Middleware\\TransformsRequest.php(21): Illuminate\\Pipeline\\Pipeline->Illuminate\\Pipeline\\{closure}()
#37 C:\\Users\\Devy Relliani\\College_Project\\PPPL\\cegah-banjir\\vendor\\laravel\\framework\\src\\Illuminate\\Foundation\\Http\\Middleware\\ConvertEmptyStringsToNull.php(31): Illuminate\\Foundation\\Http\\Middleware\\TransformsRequest->handle()
#38 C:\\Users\\Devy Relliani\\College_Project\\PPPL\\cegah-banjir\\vendor\\laravel\\framework\\src\\Illuminate\\Pipeline\\Pipeline.php(208): Illuminate\\Foundation\\Http\\Middleware\\ConvertEmptyStringsToNull->handle()
#39 C:\\Users\\Devy Relliani\\College_Project\\PPPL\\cegah-banjir\\vendor\\laravel\\framework\\src\\Illuminate\\Foundation\\Http\\Middleware\\TransformsRequest.php(21): Illuminate\\Pipeline\\Pipeline->Illuminate\\Pipeline\\{closure}()
#40 C:\\Users\\Devy Relliani\\College_Project\\PPPL\\cegah-banjir\\vendor\\laravel\\framework\\src\\Illuminate\\Foundation\\Http\\Middleware\\TrimStrings.php(51): Illuminate\\Foundation\\Http\\Middleware\\TransformsRequest->handle()
#41 C:\\Users\\Devy Relliani\\College_Project\\PPPL\\cegah-banjir\\vendor\\laravel\\framework\\src\\Illuminate\\Pipeline\\Pipeline.php(208): Illuminate\\Foundation\\Http\\Middleware\\TrimStrings->handle()
#42 C:\\Users\\Devy Relliani\\College_Project\\PPPL\\cegah-banjir\\vendor\\laravel\\framework\\src\\Illuminate\\Http\\Middleware\\ValidatePostSize.php(27): Illuminate\\Pipeline\\Pipeline->Illuminate\\Pipeline\\{closure}()
#43 C:\\Users\\Devy Relliani\\College_Project\\PPPL\\cegah-banjir\\vendor\\laravel\\framework\\src\\Illuminate\\Pipeline\\Pipeline.php(208): Illuminate\\Http\\Middleware\\ValidatePostSize->handle()
#44 C:\\Users\\Devy Relliani\\College_Project\\PPPL\\cegah-banjir\\vendor\\laravel\\framework\\src\\Illuminate\\Foundation\\Http\\Middleware\\PreventRequestsDuringMaintenance.php(109): Illuminate\\Pipeline\\Pipeline->Illuminate\\Pipeline\\{closure}()
#45 C:\\Users\\Devy Relliani\\College_Project\\PPPL\\cegah-banjir\\vendor\\laravel\\framework\\src\\Illuminate\\Pipeline\\Pipeline.php(208): Illuminate\\Foundation\\Http\\Middleware\\PreventRequestsDuringMaintenance->handle()
#46 C:\\Users\\Devy Relliani\\College_Project\\PPPL\\cegah-banjir\\vendor\\laravel\\framework\\src\\Illuminate\\Http\\Middleware\\HandleCors.php(48): Illuminate\\Pipeline\\Pipeline->Illuminate\\Pipeline\\{closure}()
#47 C:\\Users\\Devy Relliani\\College_Project\\PPPL\\cegah-banjir\\vendor\\laravel\\framework\\src\\Illuminate\\Pipeline\\Pipeline.php(208): Illuminate\\Http\\Middleware\\HandleCors->handle()
#48 C:\\Users\\Devy Relliani\\College_Project\\PPPL\\cegah-banjir\\vendor\\laravel\\framework\\src\\Illuminate\\Http\\Middleware\\TrustProxies.php(58): Illuminate\\Pipeline\\Pipeline->Illuminate\\Pipeline\\{closure}()
#49 C:\\Users\\Devy Relliani\\College_Project\\PPPL\\cegah-banjir\\vendor\\laravel\\framework\\src\\Illuminate\\Pipeline\\Pipeline.php(208): Illuminate\\Http\\Middleware\\TrustProxies->handle()
#50 C:\\Users\\Devy Relliani\\College_Project\\PPPL\\cegah-banjir\\vendor\\laravel\\framework\\src\\Illuminate\\Foundation\\Http\\Middleware\\InvokeDeferredCallbacks.php(22): Illuminate\\Pipeline\\Pipeline->Illuminate\\Pipeline\\{closure}()
#51 C:\\Users\\Devy Relliani\\College_Project\\PPPL\\cegah-banjir\\vendor\\laravel\\framework\\src\\Illuminate\\Pipeline\\Pipeline.php(208): Illuminate\\Foundation\\Http\\Middleware\\InvokeDeferredCallbacks->handle()
#52 C:\\Users\\Devy Relliani\\College_Project\\PPPL\\cegah-banjir\\vendor\\laravel\\framework\\src\\Illuminate\\Http\\Middleware\\ValidatePathEncoding.php(26): Illuminate\\Pipeline\\Pipeline->Illuminate\\Pipeline\\{closure}()
#53 C:\\Users\\Devy Relliani\\College_Project\\PPPL\\cegah-banjir\\vendor\\laravel\\framework\\src\\Illuminate\\Pipeline\\Pipeline.php(208): Illuminate\\Http\\Middleware\\ValidatePathEncoding->handle()
#54 C:\\Users\\Devy Relliani\\College_Project\\PPPL\\cegah-banjir\\vendor\\laravel\\framework\\src\\Illuminate\\Pipeline\\Pipeline.php(126): Illuminate\\Pipeline\\Pipeline->Illuminate\\Pipeline\\{closure}()
#55 C:\\Users\\Devy Relliani\\College_Project\\PPPL\\cegah-banjir\\vendor\\laravel\\framework\\src\\Illuminate\\Foundation\\Http\\Kernel.php(175): Illuminate\\Pipeline\\Pipeline->then()
#56 C:\\Users\\Devy Relliani\\College_Project\\PPPL\\cegah-banjir\\vendor\\laravel\\framework\\src\\Illuminate\\Foundation\\Http\\Kernel.php(144): Illuminate\\Foundation\\Http\\Kernel->sendRequestThroughRouter()
#57 C:\\Users\\Devy Relliani\\College_Project\\PPPL\\cegah-banjir\\vendor\\laravel\\framework\\src\\Illuminate\\Foundation\\Application.php(1219): Illuminate\\Foundation\\Http\\Kernel->handle()
#58 C:\\Users\\Devy Relliani\\College_Project\\PPPL\\cegah-banjir\\public\\index.php(20): Illuminate\\Foundation\\Application->handleRequest()
#59 C:\\Users\\Devy Relliani\\College_Project\\PPPL\\cegah-banjir\\vendor\\laravel\\framework\\src\\Illuminate\\Foundation\\resources\\server.php(23): require_once('...')
#60 {main}
"} 
[2025-06-28 10:05:22] local.ERROR: Database file at path [C:\Users\Devy Relliani\College_Project\PPPL\cegah-banjir\database\database.sqlite] does not exist. Ensure this is an absolute path to the database. (Connection: sqlite, SQL: select exists (select 1 from "main".sqlite_master where name = 'migrations' and type = 'table') as "exists") {"exception":"[object] (Illuminate\\Database\\QueryException(code: 0): Database file at path [C:\\Users\\Devy Relliani\\College_Project\\PPPL\\cegah-banjir\\database\\database.sqlite] does not exist. Ensure this is an absolute path to the database. (Connection: sqlite, SQL: select exists (select 1 from \"main\".sqlite_master where name = 'migrations' and type = 'table') as \"exists\") at C:\\Users\\Devy Relliani\\College_Project\\PPPL\\cegah-banjir\\vendor\\laravel\\framework\\src\\Illuminate\\Database\\Connection.php:822)
[stacktrace]
#0 C:\\Users\\Devy Relliani\\College_Project\\PPPL\\cegah-banjir\\vendor\\laravel\\framework\\src\\Illuminate\\Database\\Connection.php(776): Illuminate\\Database\\Connection->runQueryCallback()
#1 C:\\Users\\Devy Relliani\\College_Project\\PPPL\\cegah-banjir\\vendor\\laravel\\framework\\src\\Illuminate\\Database\\Connection.php(395): Illuminate\\Database\\Connection->run()
#2 C:\\Users\\Devy Relliani\\College_Project\\PPPL\\cegah-banjir\\vendor\\laravel\\framework\\src\\Illuminate\\Database\\Connection.php(341): Illuminate\\Database\\Connection->select()
#3 C:\\Users\\Devy Relliani\\College_Project\\PPPL\\cegah-banjir\\vendor\\laravel\\framework\\src\\Illuminate\\Database\\Connection.php(358): Illuminate\\Database\\Connection->selectOne()
#4 C:\\Users\\Devy Relliani\\College_Project\\PPPL\\cegah-banjir\\vendor\\laravel\\framework\\src\\Illuminate\\Database\\Schema\\Builder.php(174): Illuminate\\Database\\Connection->scalar()
#5 C:\\Users\\Devy Relliani\\College_Project\\PPPL\\cegah-banjir\\vendor\\laravel\\framework\\src\\Illuminate\\Database\\Migrations\\DatabaseMigrationRepository.php(183): Illuminate\\Database\\Schema\\Builder->hasTable()
#6 C:\\Users\\Devy Relliani\\College_Project\\PPPL\\cegah-banjir\\vendor\\laravel\\framework\\src\\Illuminate\\Database\\Migrations\\Migrator.php(749): Illuminate\\Database\\Migrations\\DatabaseMigrationRepository->repositoryExists()
#7 C:\\Users\\Devy Relliani\\College_Project\\PPPL\\cegah-banjir\\vendor\\laravel\\framework\\src\\Illuminate\\Database\\Console\\Migrations\\MigrateCommand.php(164): Illuminate\\Database\\Migrations\\Migrator->repositoryExists()
#8 C:\\Users\\Devy Relliani\\College_Project\\PPPL\\cegah-banjir\\vendor\\laravel\\framework\\src\\Illuminate\\Support\\helpers.php(338): Illuminate\\Database\\Console\\Migrations\\MigrateCommand->Illuminate\\Database\\Console\\Migrations\\{closure}()
#9 C:\\Users\\Devy Relliani\\College_Project\\PPPL\\cegah-banjir\\vendor\\laravel\\framework\\src\\Illuminate\\Database\\Console\\Migrations\\MigrateCommand.php(164): retry()
#10 C:\\Users\\Devy Relliani\\College_Project\\PPPL\\cegah-banjir\\vendor\\laravel\\framework\\src\\Illuminate\\Database\\Console\\Migrations\\MigrateCommand.php(140): Illuminate\\Database\\Console\\Migrations\\MigrateCommand->repositoryExists()
#11 C:\\Users\\Devy Relliani\\College_Project\\PPPL\\cegah-banjir\\vendor\\laravel\\framework\\src\\Illuminate\\Database\\Console\\Migrations\\MigrateCommand.php(110): Illuminate\\Database\\Console\\Migrations\\MigrateCommand->prepareDatabase()
#12 C:\\Users\\Devy Relliani\\College_Project\\PPPL\\cegah-banjir\\vendor\\laravel\\framework\\src\\Illuminate\\Database\\Migrations\\Migrator.php(665): Illuminate\\Database\\Console\\Migrations\\MigrateCommand->Illuminate\\Database\\Console\\Migrations\\{closure}()
#13 C:\\Users\\Devy Relliani\\College_Project\\PPPL\\cegah-banjir\\vendor\\laravel\\framework\\src\\Illuminate\\Database\\Console\\Migrations\\MigrateCommand.php(109): Illuminate\\Database\\Migrations\\Migrator->usingConnection()
#14 C:\\Users\\Devy Relliani\\College_Project\\PPPL\\cegah-banjir\\vendor\\laravel\\framework\\src\\Illuminate\\Database\\Console\\Migrations\\MigrateCommand.php(88): Illuminate\\Database\\Console\\Migrations\\MigrateCommand->runMigrations()
#15 C:\\Users\\Devy Relliani\\College_Project\\PPPL\\cegah-banjir\\vendor\\laravel\\framework\\src\\Illuminate\\Container\\BoundMethod.php(36): Illuminate\\Database\\Console\\Migrations\\MigrateCommand->handle()
#16 C:\\Users\\Devy Relliani\\College_Project\\PPPL\\cegah-banjir\\vendor\\laravel\\framework\\src\\Illuminate\\Container\\Util.php(43): Illuminate\\Container\\BoundMethod::Illuminate\\Container\\{closure}()
#17 C:\\Users\\Devy Relliani\\College_Project\\PPPL\\cegah-banjir\\vendor\\laravel\\framework\\src\\Illuminate\\Container\\BoundMethod.php(96): Illuminate\\Container\\Util::unwrapIfClosure()
#18 C:\\Users\\Devy Relliani\\College_Project\\PPPL\\cegah-banjir\\vendor\\laravel\\framework\\src\\Illuminate\\Container\\BoundMethod.php(35): Illuminate\\Container\\BoundMethod::callBoundMethod()
#19 C:\\Users\\Devy Relliani\\College_Project\\PPPL\\cegah-banjir\\vendor\\laravel\\framework\\src\\Illuminate\\Container\\Container.php(754): Illuminate\\Container\\BoundMethod::call()
#20 C:\\Users\\Devy Relliani\\College_Project\\PPPL\\cegah-banjir\\vendor\\laravel\\framework\\src\\Illuminate\\Console\\Command.php(209): Illuminate\\Container\\Container->call()
#21 C:\\Users\\Devy Relliani\\College_Project\\PPPL\\cegah-banjir\\vendor\\symfony\\console\\Command\\Command.php(318): Illuminate\\Console\\Command->execute()
#22 C:\\Users\\Devy Relliani\\College_Project\\PPPL\\cegah-banjir\\vendor\\laravel\\framework\\src\\Illuminate\\Console\\Command.php(178): Symfony\\Component\\Console\\Command\\Command->run()
#23 C:\\Users\\Devy Relliani\\College_Project\\PPPL\\cegah-banjir\\vendor\\symfony\\console\\Application.php(1092): Illuminate\\Console\\Command->run()
#24 C:\\Users\\Devy Relliani\\College_Project\\PPPL\\cegah-banjir\\vendor\\symfony\\console\\Application.php(341): Symfony\\Component\\Console\\Application->doRunCommand()
#25 C:\\Users\\Devy Relliani\\College_Project\\PPPL\\cegah-banjir\\vendor\\symfony\\console\\Application.php(192): Symfony\\Component\\Console\\Application->doRun()
#26 C:\\Users\\Devy Relliani\\College_Project\\PPPL\\cegah-banjir\\vendor\\laravel\\framework\\src\\Illuminate\\Foundation\\Console\\Kernel.php(197): Symfony\\Component\\Console\\Application->run()
#27 C:\\Users\\Devy Relliani\\College_Project\\PPPL\\cegah-banjir\\vendor\\laravel\\framework\\src\\Illuminate\\Foundation\\Application.php(1234): Illuminate\\Foundation\\Console\\Kernel->handle()
#28 C:\\Users\\Devy Relliani\\College_Project\\PPPL\\cegah-banjir\\artisan(16): Illuminate\\Foundation\\Application->handleCommand()
#29 {main}

[previous exception] [object] (Illuminate\\Database\\SQLiteDatabaseDoesNotExistException(code: 0): Database file at path [C:\\Users\\Devy Relliani\\College_Project\\PPPL\\cegah-banjir\\database\\database.sqlite] does not exist. Ensure this is an absolute path to the database. at C:\\Users\\Devy Relliani\\College_Project\\PPPL\\cegah-banjir\\vendor\\laravel\\framework\\src\\Illuminate\\Database\\Connectors\\SQLiteConnector.php:59)
[stacktrace]
#0 C:\\Users\\Devy Relliani\\College_Project\\PPPL\\cegah-banjir\\vendor\\laravel\\framework\\src\\Illuminate\\Database\\Connectors\\SQLiteConnector.php(19): Illuminate\\Database\\Connectors\\SQLiteConnector->parseDatabasePath()
#1 C:\\Users\\Devy Relliani\\College_Project\\PPPL\\cegah-banjir\\vendor\\laravel\\framework\\src\\Illuminate\\Database\\Connectors\\ConnectionFactory.php(223): Illuminate\\Database\\Connectors\\SQLiteConnector->connect()
#2 [internal function]: Illuminate\\Database\\Connectors\\ConnectionFactory->Illuminate\\Database\\Connectors\\{closure}()
#3 C:\\Users\\Devy Relliani\\College_Project\\PPPL\\cegah-banjir\\vendor\\laravel\\framework\\src\\Illuminate\\Database\\Connection.php(1228): call_user_func()
#4 C:\\Users\\Devy Relliani\\College_Project\\PPPL\\cegah-banjir\\vendor\\laravel\\framework\\src\\Illuminate\\Database\\Connection.php(1264): Illuminate\\Database\\Connection->getPdo()
#5 C:\\Users\\Devy Relliani\\College_Project\\PPPL\\cegah-banjir\\vendor\\laravel\\framework\\src\\Illuminate\\Database\\Connection.php(509): Illuminate\\Database\\Connection->getReadPdo()
#6 C:\\Users\\Devy Relliani\\College_Project\\PPPL\\cegah-banjir\\vendor\\laravel\\framework\\src\\Illuminate\\Database\\Connection.php(404): Illuminate\\Database\\Connection->getPdoForSelect()
#7 C:\\Users\\Devy Relliani\\College_Project\\PPPL\\cegah-banjir\\vendor\\laravel\\framework\\src\\Illuminate\\Database\\Connection.php(809): Illuminate\\Database\\Connection->Illuminate\\Database\\{closure}()
#8 C:\\Users\\Devy Relliani\\College_Project\\PPPL\\cegah-banjir\\vendor\\laravel\\framework\\src\\Illuminate\\Database\\Connection.php(776): Illuminate\\Database\\Connection->runQueryCallback()
#9 C:\\Users\\Devy Relliani\\College_Project\\PPPL\\cegah-banjir\\vendor\\laravel\\framework\\src\\Illuminate\\Database\\Connection.php(395): Illuminate\\Database\\Connection->run()
#10 C:\\Users\\Devy Relliani\\College_Project\\PPPL\\cegah-banjir\\vendor\\laravel\\framework\\src\\Illuminate\\Database\\Connection.php(341): Illuminate\\Database\\Connection->select()
#11 C:\\Users\\Devy Relliani\\College_Project\\PPPL\\cegah-banjir\\vendor\\laravel\\framework\\src\\Illuminate\\Database\\Connection.php(358): Illuminate\\Database\\Connection->selectOne()
#12 C:\\Users\\Devy Relliani\\College_Project\\PPPL\\cegah-banjir\\vendor\\laravel\\framework\\src\\Illuminate\\Database\\Schema\\Builder.php(174): Illuminate\\Database\\Connection->scalar()
#13 C:\\Users\\Devy Relliani\\College_Project\\PPPL\\cegah-banjir\\vendor\\laravel\\framework\\src\\Illuminate\\Database\\Migrations\\DatabaseMigrationRepository.php(183): Illuminate\\Database\\Schema\\Builder->hasTable()
#14 C:\\Users\\Devy Relliani\\College_Project\\PPPL\\cegah-banjir\\vendor\\laravel\\framework\\src\\Illuminate\\Database\\Migrations\\Migrator.php(749): Illuminate\\Database\\Migrations\\DatabaseMigrationRepository->repositoryExists()
#15 C:\\Users\\Devy Relliani\\College_Project\\PPPL\\cegah-banjir\\vendor\\laravel\\framework\\src\\Illuminate\\Database\\Console\\Migrations\\MigrateCommand.php(164): Illuminate\\Database\\Migrations\\Migrator->repositoryExists()
#16 C:\\Users\\Devy Relliani\\College_Project\\PPPL\\cegah-banjir\\vendor\\laravel\\framework\\src\\Illuminate\\Support\\helpers.php(338): Illuminate\\Database\\Console\\Migrations\\MigrateCommand->Illuminate\\Database\\Console\\Migrations\\{closure}()
#17 C:\\Users\\Devy Relliani\\College_Project\\PPPL\\cegah-banjir\\vendor\\laravel\\framework\\src\\Illuminate\\Database\\Console\\Migrations\\MigrateCommand.php(164): retry()
#18 C:\\Users\\Devy Relliani\\College_Project\\PPPL\\cegah-banjir\\vendor\\laravel\\framework\\src\\Illuminate\\Database\\Console\\Migrations\\MigrateCommand.php(140): Illuminate\\Database\\Console\\Migrations\\MigrateCommand->repositoryExists()
#19 C:\\Users\\Devy Relliani\\College_Project\\PPPL\\cegah-banjir\\vendor\\laravel\\framework\\src\\Illuminate\\Database\\Console\\Migrations\\MigrateCommand.php(110): Illuminate\\Database\\Console\\Migrations\\MigrateCommand->prepareDatabase()
#20 C:\\Users\\Devy Relliani\\College_Project\\PPPL\\cegah-banjir\\vendor\\laravel\\framework\\src\\Illuminate\\Database\\Migrations\\Migrator.php(665): Illuminate\\Database\\Console\\Migrations\\MigrateCommand->Illuminate\\Database\\Console\\Migrations\\{closure}()
#21 C:\\Users\\Devy Relliani\\College_Project\\PPPL\\cegah-banjir\\vendor\\laravel\\framework\\src\\Illuminate\\Database\\Console\\Migrations\\MigrateCommand.php(109): Illuminate\\Database\\Migrations\\Migrator->usingConnection()
#22 C:\\Users\\Devy Relliani\\College_Project\\PPPL\\cegah-banjir\\vendor\\laravel\\framework\\src\\Illuminate\\Database\\Console\\Migrations\\MigrateCommand.php(88): Illuminate\\Database\\Console\\Migrations\\MigrateCommand->runMigrations()
#23 C:\\Users\\Devy Relliani\\College_Project\\PPPL\\cegah-banjir\\vendor\\laravel\\framework\\src\\Illuminate\\Container\\BoundMethod.php(36): Illuminate\\Database\\Console\\Migrations\\MigrateCommand->handle()
#24 C:\\Users\\Devy Relliani\\College_Project\\PPPL\\cegah-banjir\\vendor\\laravel\\framework\\src\\Illuminate\\Container\\Util.php(43): Illuminate\\Container\\BoundMethod::Illuminate\\Container\\{closure}()
#25 C:\\Users\\Devy Relliani\\College_Project\\PPPL\\cegah-banjir\\vendor\\laravel\\framework\\src\\Illuminate\\Container\\BoundMethod.php(96): Illuminate\\Container\\Util::unwrapIfClosure()
#26 C:\\Users\\Devy Relliani\\College_Project\\PPPL\\cegah-banjir\\vendor\\laravel\\framework\\src\\Illuminate\\Container\\BoundMethod.php(35): Illuminate\\Container\\BoundMethod::callBoundMethod()
#27 C:\\Users\\Devy Relliani\\College_Project\\PPPL\\cegah-banjir\\vendor\\laravel\\framework\\src\\Illuminate\\Container\\Container.php(754): Illuminate\\Container\\BoundMethod::call()
#28 C:\\Users\\Devy Relliani\\College_Project\\PPPL\\cegah-banjir\\vendor\\laravel\\framework\\src\\Illuminate\\Console\\Command.php(209): Illuminate\\Container\\Container->call()
#29 C:\\Users\\Devy Relliani\\College_Project\\PPPL\\cegah-banjir\\vendor\\symfony\\console\\Command\\Command.php(318): Illuminate\\Console\\Command->execute()
#30 C:\\Users\\Devy Relliani\\College_Project\\PPPL\\cegah-banjir\\vendor\\laravel\\framework\\src\\Illuminate\\Console\\Command.php(178): Symfony\\Component\\Console\\Command\\Command->run()
#31 C:\\Users\\Devy Relliani\\College_Project\\PPPL\\cegah-banjir\\vendor\\symfony\\console\\Application.php(1092): Illuminate\\Console\\Command->run()
#32 C:\\Users\\Devy Relliani\\College_Project\\PPPL\\cegah-banjir\\vendor\\symfony\\console\\Application.php(341): Symfony\\Component\\Console\\Application->doRunCommand()
#33 C:\\Users\\Devy Relliani\\College_Project\\PPPL\\cegah-banjir\\vendor\\symfony\\console\\Application.php(192): Symfony\\Component\\Console\\Application->doRun()
#34 C:\\Users\\Devy Relliani\\College_Project\\PPPL\\cegah-banjir\\vendor\\laravel\\framework\\src\\Illuminate\\Foundation\\Console\\Kernel.php(197): Symfony\\Component\\Console\\Application->run()
#35 C:\\Users\\Devy Relliani\\College_Project\\PPPL\\cegah-banjir\\vendor\\laravel\\framework\\src\\Illuminate\\Foundation\\Application.php(1234): Illuminate\\Foundation\\Console\\Kernel->handle()
#36 C:\\Users\\Devy Relliani\\College_Project\\PPPL\\cegah-banjir\\artisan(16): Illuminate\\Foundation\\Application->handleCommand()
#37 {main}
"} 
[2025-06-28 10:33:45] local.ERROR: cURL error 60: SSL certificate problem: unable to get local issuer certificate (see https://curl.haxx.se/libcurl/c/libcurl-errors.html) for https://cegah-banjir-default-rtdb.asia-southeast1.firebasedatabase.app//evakuasi.json {"exception":"[object] (Illuminate\\Http\\Client\\ConnectionException(code: 0): cURL error 60: SSL certificate problem: unable to get local issuer certificate (see https://curl.haxx.se/libcurl/c/libcurl-errors.html) for https://cegah-banjir-default-rtdb.asia-southeast1.firebasedatabase.app//evakuasi.json at C:\\Users\\Devy Relliani\\College_Project\\PPPL\\cegah-banjir\\vendor\\laravel\\framework\\src\\Illuminate\\Http\\Client\\PendingRequest.php:1592)
[stacktrace]
#0 C:\\Users\\Devy Relliani\\College_Project\\PPPL\\cegah-banjir\\vendor\\laravel\\framework\\src\\Illuminate\\Http\\Client\\PendingRequest.php(951): Illuminate\\Http\\Client\\PendingRequest->marshalRequestExceptionWithoutResponse()
#1 C:\\Users\\Devy Relliani\\College_Project\\PPPL\\cegah-banjir\\vendor\\laravel\\framework\\src\\Illuminate\\Support\\helpers.php(338): Illuminate\\Http\\Client\\PendingRequest->Illuminate\\Http\\Client\\{closure}()
#2 C:\\Users\\Devy Relliani\\College_Project\\PPPL\\cegah-banjir\\vendor\\laravel\\framework\\src\\Illuminate\\Http\\Client\\PendingRequest.php(910): retry()
#3 C:\\Users\\Devy Relliani\\College_Project\\PPPL\\cegah-banjir\\vendor\\laravel\\framework\\src\\Illuminate\\Http\\Client\\PendingRequest.php(809): Illuminate\\Http\\Client\\PendingRequest->send()
#4 C:\\Users\\Devy Relliani\\College_Project\\PPPL\\cegah-banjir\\vendor\\laravel\\framework\\src\\Illuminate\\Http\\Client\\Factory.php(535): Illuminate\\Http\\Client\\PendingRequest->post()
#5 C:\\Users\\Devy Relliani\\College_Project\\PPPL\\cegah-banjir\\vendor\\laravel\\framework\\src\\Illuminate\\Support\\Facades\\Facade.php(361): Illuminate\\Http\\Client\\Factory->__call()
#6 C:\\Users\\Devy Relliani\\College_Project\\PPPL\\cegah-banjir\\app\\Http\\Controllers\\EvakuasiController.php(44): Illuminate\\Support\\Facades\\Facade::__callStatic()
#7 C:\\Users\\Devy Relliani\\College_Project\\PPPL\\cegah-banjir\\vendor\\laravel\\framework\\src\\Illuminate\\Routing\\ControllerDispatcher.php(46): App\\Http\\Controllers\\EvakuasiController->submit()
#8 C:\\Users\\Devy Relliani\\College_Project\\PPPL\\cegah-banjir\\vendor\\laravel\\framework\\src\\Illuminate\\Routing\\Route.php(265): Illuminate\\Routing\\ControllerDispatcher->dispatch()
#9 C:\\Users\\Devy Relliani\\College_Project\\PPPL\\cegah-banjir\\vendor\\laravel\\framework\\src\\Illuminate\\Routing\\Route.php(211): Illuminate\\Routing\\Route->runController()
#10 C:\\Users\\Devy Relliani\\College_Project\\PPPL\\cegah-banjir\\vendor\\laravel\\framework\\src\\Illuminate\\Routing\\Router.php(808): Illuminate\\Routing\\Route->run()
#11 C:\\Users\\Devy Relliani\\College_Project\\PPPL\\cegah-banjir\\vendor\\laravel\\framework\\src\\Illuminate\\Pipeline\\Pipeline.php(169): Illuminate\\Routing\\Router->Illuminate\\Routing\\{closure}()
#12 C:\\Users\\Devy Relliani\\College_Project\\PPPL\\cegah-banjir\\vendor\\laravel\\framework\\src\\Illuminate\\Routing\\Middleware\\SubstituteBindings.php(50): Illuminate\\Pipeline\\Pipeline->Illuminate\\Pipeline\\{closure}()
#13 C:\\Users\\Devy Relliani\\College_Project\\PPPL\\cegah-banjir\\vendor\\laravel\\framework\\src\\Illuminate\\Pipeline\\Pipeline.php(208): Illuminate\\Routing\\Middleware\\SubstituteBindings->handle()
#14 C:\\Users\\Devy Relliani\\College_Project\\PPPL\\cegah-banjir\\vendor\\laravel\\framework\\src\\Illuminate\\Foundation\\Http\\Middleware\\VerifyCsrfToken.php(87): Illuminate\\Pipeline\\Pipeline->Illuminate\\Pipeline\\{closure}()
#15 C:\\Users\\Devy Relliani\\College_Project\\PPPL\\cegah-banjir\\vendor\\laravel\\framework\\src\\Illuminate\\Pipeline\\Pipeline.php(208): Illuminate\\Foundation\\Http\\Middleware\\VerifyCsrfToken->handle()
#16 C:\\Users\\Devy Relliani\\College_Project\\PPPL\\cegah-banjir\\vendor\\laravel\\framework\\src\\Illuminate\\View\\Middleware\\ShareErrorsFromSession.php(48): Illuminate\\Pipeline\\Pipeline->Illuminate\\Pipeline\\{closure}()
#17 C:\\Users\\Devy Relliani\\College_Project\\PPPL\\cegah-banjir\\vendor\\laravel\\framework\\src\\Illuminate\\Pipeline\\Pipeline.php(208): Illuminate\\View\\Middleware\\ShareErrorsFromSession->handle()
#18 C:\\Users\\Devy Relliani\\College_Project\\PPPL\\cegah-banjir\\vendor\\laravel\\framework\\src\\Illuminate\\Session\\Middleware\\StartSession.php(120): Illuminate\\Pipeline\\Pipeline->Illuminate\\Pipeline\\{closure}()
#19 C:\\Users\\Devy Relliani\\College_Project\\PPPL\\cegah-banjir\\vendor\\laravel\\framework\\src\\Illuminate\\Session\\Middleware\\StartSession.php(63): Illuminate\\Session\\Middleware\\StartSession->handleStatefulRequest()
#20 C:\\Users\\Devy Relliani\\College_Project\\PPPL\\cegah-banjir\\vendor\\laravel\\framework\\src\\Illuminate\\Pipeline\\Pipeline.php(208): Illuminate\\Session\\Middleware\\StartSession->handle()
#21 C:\\Users\\Devy Relliani\\College_Project\\PPPL\\cegah-banjir\\vendor\\laravel\\framework\\src\\Illuminate\\Cookie\\Middleware\\AddQueuedCookiesToResponse.php(36): Illuminate\\Pipeline\\Pipeline->Illuminate\\Pipeline\\{closure}()
#22 C:\\Users\\Devy Relliani\\College_Project\\PPPL\\cegah-banjir\\vendor\\laravel\\framework\\src\\Illuminate\\Pipeline\\Pipeline.php(208): Illuminate\\Cookie\\Middleware\\AddQueuedCookiesToResponse->handle()
#23 C:\\Users\\Devy Relliani\\College_Project\\PPPL\\cegah-banjir\\vendor\\laravel\\framework\\src\\Illuminate\\Cookie\\Middleware\\EncryptCookies.php(74): Illuminate\\Pipeline\\Pipeline->Illuminate\\Pipeline\\{closure}()
#24 C:\\Users\\Devy Relliani\\College_Project\\PPPL\\cegah-banjir\\vendor\\laravel\\framework\\src\\Illuminate\\Pipeline\\Pipeline.php(208): Illuminate\\Cookie\\Middleware\\EncryptCookies->handle()
#25 C:\\Users\\Devy Relliani\\College_Project\\PPPL\\cegah-banjir\\vendor\\laravel\\framework\\src\\Illuminate\\Pipeline\\Pipeline.php(126): Illuminate\\Pipeline\\Pipeline->Illuminate\\Pipeline\\{closure}()
#26 C:\\Users\\Devy Relliani\\College_Project\\PPPL\\cegah-banjir\\vendor\\laravel\\framework\\src\\Illuminate\\Routing\\Router.php(807): Illuminate\\Pipeline\\Pipeline->then()
#27 C:\\Users\\Devy Relliani\\College_Project\\PPPL\\cegah-banjir\\vendor\\laravel\\framework\\src\\Illuminate\\Routing\\Router.php(786): Illuminate\\Routing\\Router->runRouteWithinStack()
#28 C:\\Users\\Devy Relliani\\College_Project\\PPPL\\cegah-banjir\\vendor\\laravel\\framework\\src\\Illuminate\\Routing\\Router.php(750): Illuminate\\Routing\\Router->runRoute()
#29 C:\\Users\\Devy Relliani\\College_Project\\PPPL\\cegah-banjir\\vendor\\laravel\\framework\\src\\Illuminate\\Routing\\Router.php(739): Illuminate\\Routing\\Router->dispatchToRoute()
#30 C:\\Users\\Devy Relliani\\College_Project\\PPPL\\cegah-banjir\\vendor\\laravel\\framework\\src\\Illuminate\\Foundation\\Http\\Kernel.php(200): Illuminate\\Routing\\Router->dispatch()
#31 C:\\Users\\Devy Relliani\\College_Project\\PPPL\\cegah-banjir\\vendor\\laravel\\framework\\src\\Illuminate\\Pipeline\\Pipeline.php(169): Illuminate\\Foundation\\Http\\Kernel->Illuminate\\Foundation\\Http\\{closure}()
#32 C:\\Users\\Devy Relliani\\College_Project\\PPPL\\cegah-banjir\\vendor\\laravel\\framework\\src\\Illuminate\\Foundation\\Http\\Middleware\\TransformsRequest.php(21): Illuminate\\Pipeline\\Pipeline->Illuminate\\Pipeline\\{closure}()
#33 C:\\Users\\Devy Relliani\\College_Project\\PPPL\\cegah-banjir\\vendor\\laravel\\framework\\src\\Illuminate\\Foundation\\Http\\Middleware\\ConvertEmptyStringsToNull.php(31): Illuminate\\Foundation\\Http\\Middleware\\TransformsRequest->handle()
#34 C:\\Users\\Devy Relliani\\College_Project\\PPPL\\cegah-banjir\\vendor\\laravel\\framework\\src\\Illuminate\\Pipeline\\Pipeline.php(208): Illuminate\\Foundation\\Http\\Middleware\\ConvertEmptyStringsToNull->handle()
#35 C:\\Users\\Devy Relliani\\College_Project\\PPPL\\cegah-banjir\\vendor\\laravel\\framework\\src\\Illuminate\\Foundation\\Http\\Middleware\\TransformsRequest.php(21): Illuminate\\Pipeline\\Pipeline->Illuminate\\Pipeline\\{closure}()
#36 C:\\Users\\Devy Relliani\\College_Project\\PPPL\\cegah-banjir\\vendor\\laravel\\framework\\src\\Illuminate\\Foundation\\Http\\Middleware\\TrimStrings.php(51): Illuminate\\Foundation\\Http\\Middleware\\TransformsRequest->handle()
#37 C:\\Users\\Devy Relliani\\College_Project\\PPPL\\cegah-banjir\\vendor\\laravel\\framework\\src\\Illuminate\\Pipeline\\Pipeline.php(208): Illuminate\\Foundation\\Http\\Middleware\\TrimStrings->handle()
#38 C:\\Users\\Devy Relliani\\College_Project\\PPPL\\cegah-banjir\\vendor\\laravel\\framework\\src\\Illuminate\\Http\\Middleware\\ValidatePostSize.php(27): Illuminate\\Pipeline\\Pipeline->Illuminate\\Pipeline\\{closure}()
#39 C:\\Users\\Devy Relliani\\College_Project\\PPPL\\cegah-banjir\\vendor\\laravel\\framework\\src\\Illuminate\\Pipeline\\Pipeline.php(208): Illuminate\\Http\\Middleware\\ValidatePostSize->handle()
#40 C:\\Users\\Devy Relliani\\College_Project\\PPPL\\cegah-banjir\\vendor\\laravel\\framework\\src\\Illuminate\\Foundation\\Http\\Middleware\\PreventRequestsDuringMaintenance.php(109): Illuminate\\Pipeline\\Pipeline->Illuminate\\Pipeline\\{closure}()
#41 C:\\Users\\Devy Relliani\\College_Project\\PPPL\\cegah-banjir\\vendor\\laravel\\framework\\src\\Illuminate\\Pipeline\\Pipeline.php(208): Illuminate\\Foundation\\Http\\Middleware\\PreventRequestsDuringMaintenance->handle()
#42 C:\\Users\\Devy Relliani\\College_Project\\PPPL\\cegah-banjir\\vendor\\laravel\\framework\\src\\Illuminate\\Http\\Middleware\\HandleCors.php(48): Illuminate\\Pipeline\\Pipeline->Illuminate\\Pipeline\\{closure}()
#43 C:\\Users\\Devy Relliani\\College_Project\\PPPL\\cegah-banjir\\vendor\\laravel\\framework\\src\\Illuminate\\Pipeline\\Pipeline.php(208): Illuminate\\Http\\Middleware\\HandleCors->handle()
#44 C:\\Users\\Devy Relliani\\College_Project\\PPPL\\cegah-banjir\\vendor\\laravel\\framework\\src\\Illuminate\\Http\\Middleware\\TrustProxies.php(58): Illuminate\\Pipeline\\Pipeline->Illuminate\\Pipeline\\{closure}()
#45 C:\\Users\\Devy Relliani\\College_Project\\PPPL\\cegah-banjir\\vendor\\laravel\\framework\\src\\Illuminate\\Pipeline\\Pipeline.php(208): Illuminate\\Http\\Middleware\\TrustProxies->handle()
#46 C:\\Users\\Devy Relliani\\College_Project\\PPPL\\cegah-banjir\\vendor\\laravel\\framework\\src\\Illuminate\\Foundation\\Http\\Middleware\\InvokeDeferredCallbacks.php(22): Illuminate\\Pipeline\\Pipeline->Illuminate\\Pipeline\\{closure}()
#47 C:\\Users\\Devy Relliani\\College_Project\\PPPL\\cegah-banjir\\vendor\\laravel\\framework\\src\\Illuminate\\Pipeline\\Pipeline.php(208): Illuminate\\Foundation\\Http\\Middleware\\InvokeDeferredCallbacks->handle()
#48 C:\\Users\\Devy Relliani\\College_Project\\PPPL\\cegah-banjir\\vendor\\laravel\\framework\\src\\Illuminate\\Http\\Middleware\\ValidatePathEncoding.php(26): Illuminate\\Pipeline\\Pipeline->Illuminate\\Pipeline\\{closure}()
#49 C:\\Users\\Devy Relliani\\College_Project\\PPPL\\cegah-banjir\\vendor\\laravel\\framework\\src\\Illuminate\\Pipeline\\Pipeline.php(208): Illuminate\\Http\\Middleware\\ValidatePathEncoding->handle()
#50 C:\\Users\\Devy Relliani\\College_Project\\PPPL\\cegah-banjir\\vendor\\laravel\\framework\\src\\Illuminate\\Pipeline\\Pipeline.php(126): Illuminate\\Pipeline\\Pipeline->Illuminate\\Pipeline\\{closure}()
#51 C:\\Users\\Devy Relliani\\College_Project\\PPPL\\cegah-banjir\\vendor\\laravel\\framework\\src\\Illuminate\\Foundation\\Http\\Kernel.php(175): Illuminate\\Pipeline\\Pipeline->then()
#52 C:\\Users\\Devy Relliani\\College_Project\\PPPL\\cegah-banjir\\vendor\\laravel\\framework\\src\\Illuminate\\Foundation\\Http\\Kernel.php(144): Illuminate\\Foundation\\Http\\Kernel->sendRequestThroughRouter()
#53 C:\\Users\\Devy Relliani\\College_Project\\PPPL\\cegah-banjir\\vendor\\laravel\\framework\\src\\Illuminate\\Foundation\\Application.php(1219): Illuminate\\Foundation\\Http\\Kernel->handle()
#54 C:\\Users\\Devy Relliani\\College_Project\\PPPL\\cegah-banjir\\public\\index.php(20): Illuminate\\Foundation\\Application->handleRequest()
#55 C:\\Users\\Devy Relliani\\College_Project\\PPPL\\cegah-banjir\\vendor\\laravel\\framework\\src\\Illuminate\\Foundation\\resources\\server.php(23): require_once('...')
#56 {main}

[previous exception] [object] (GuzzleHttp\\Exception\\RequestException(code: 0): cURL error 60: SSL certificate problem: unable to get local issuer certificate (see https://curl.haxx.se/libcurl/c/libcurl-errors.html) for https://cegah-banjir-default-rtdb.asia-southeast1.firebasedatabase.app//evakuasi.json at C:\\Users\\Devy Relliani\\College_Project\\PPPL\\cegah-banjir\\vendor\\guzzlehttp\\guzzle\\src\\Handler\\CurlFactory.php:276)
[stacktrace]
#0 C:\\Users\\Devy Relliani\\College_Project\\PPPL\\cegah-banjir\\vendor\\guzzlehttp\\guzzle\\src\\Handler\\CurlFactory.php(205): GuzzleHttp\\Handler\\CurlFactory::createRejection()
#1 C:\\Users\\Devy Relliani\\College_Project\\PPPL\\cegah-banjir\\vendor\\guzzlehttp\\guzzle\\src\\Handler\\CurlFactory.php(157): GuzzleHttp\\Handler\\CurlFactory::finishError()
#2 C:\\Users\\Devy Relliani\\College_Project\\PPPL\\cegah-banjir\\vendor\\guzzlehttp\\guzzle\\src\\Handler\\CurlHandler.php(47): GuzzleHttp\\Handler\\CurlFactory::finish()
#3 C:\\Users\\Devy Relliani\\College_Project\\PPPL\\cegah-banjir\\vendor\\guzzlehttp\\guzzle\\src\\Handler\\Proxy.php(28): GuzzleHttp\\Handler\\CurlHandler->__invoke()
#4 C:\\Users\\Devy Relliani\\College_Project\\PPPL\\cegah-banjir\\vendor\\guzzlehttp\\guzzle\\src\\Handler\\Proxy.php(48): GuzzleHttp\\Handler\\Proxy::GuzzleHttp\\Handler\\{closure}()
#5 C:\\Users\\Devy Relliani\\College_Project\\PPPL\\cegah-banjir\\vendor\\laravel\\framework\\src\\Illuminate\\Http\\Client\\PendingRequest.php(1355): GuzzleHttp\\Handler\\Proxy::GuzzleHttp\\Handler\\{closure}()
#6 C:\\Users\\Devy Relliani\\College_Project\\PPPL\\cegah-banjir\\vendor\\laravel\\framework\\src\\Illuminate\\Http\\Client\\PendingRequest.php(1321): Illuminate\\Http\\Client\\PendingRequest->Illuminate\\Http\\Client\\{closure}()
#7 C:\\Users\\Devy Relliani\\College_Project\\PPPL\\cegah-banjir\\vendor\\laravel\\framework\\src\\Illuminate\\Http\\Client\\PendingRequest.php(1307): Illuminate\\Http\\Client\\PendingRequest->Illuminate\\Http\\Client\\{closure}()
#8 C:\\Users\\Devy Relliani\\College_Project\\PPPL\\cegah-banjir\\vendor\\guzzlehttp\\guzzle\\src\\PrepareBodyMiddleware.php(64): Illuminate\\Http\\Client\\PendingRequest->Illuminate\\Http\\Client\\{closure}()
#9 C:\\Users\\Devy Relliani\\College_Project\\PPPL\\cegah-banjir\\vendor\\guzzlehttp\\guzzle\\src\\Middleware.php(38): GuzzleHttp\\PrepareBodyMiddleware->__invoke()
#10 C:\\Users\\Devy Relliani\\College_Project\\PPPL\\cegah-banjir\\vendor\\guzzlehttp\\guzzle\\src\\RedirectMiddleware.php(71): GuzzleHttp\\Middleware::GuzzleHttp\\{closure}()
#11 C:\\Users\\Devy Relliani\\College_Project\\PPPL\\cegah-banjir\\vendor\\guzzlehttp\\guzzle\\src\\Middleware.php(63): GuzzleHttp\\RedirectMiddleware->__invoke()
#12 C:\\Users\\Devy Relliani\\College_Project\\PPPL\\cegah-banjir\\vendor\\guzzlehttp\\guzzle\\src\\HandlerStack.php(75): GuzzleHttp\\Middleware::GuzzleHttp\\{closure}()
#13 C:\\Users\\Devy Relliani\\College_Project\\PPPL\\cegah-banjir\\vendor\\guzzlehttp\\guzzle\\src\\Client.php(333): GuzzleHttp\\HandlerStack->__invoke()
#14 C:\\Users\\Devy Relliani\\College_Project\\PPPL\\cegah-banjir\\vendor\\guzzlehttp\\guzzle\\src\\Client.php(169): GuzzleHttp\\Client->transfer()
#15 C:\\Users\\Devy Relliani\\College_Project\\PPPL\\cegah-banjir\\vendor\\guzzlehttp\\guzzle\\src\\Client.php(189): GuzzleHttp\\Client->requestAsync()
#16 C:\\Users\\Devy Relliani\\College_Project\\PPPL\\cegah-banjir\\vendor\\laravel\\framework\\src\\Illuminate\\Http\\Client\\PendingRequest.php(1153): GuzzleHttp\\Client->request()
#17 C:\\Users\\Devy Relliani\\College_Project\\PPPL\\cegah-banjir\\vendor\\laravel\\framework\\src\\Illuminate\\Http\\Client\\PendingRequest.php(912): Illuminate\\Http\\Client\\PendingRequest->sendRequest()
#18 C:\\Users\\Devy Relliani\\College_Project\\PPPL\\cegah-banjir\\vendor\\laravel\\framework\\src\\Illuminate\\Support\\helpers.php(338): Illuminate\\Http\\Client\\PendingRequest->Illuminate\\Http\\Client\\{closure}()
#19 C:\\Users\\Devy Relliani\\College_Project\\PPPL\\cegah-banjir\\vendor\\laravel\\framework\\src\\Illuminate\\Http\\Client\\PendingRequest.php(910): retry()
#20 C:\\Users\\Devy Relliani\\College_Project\\PPPL\\cegah-banjir\\vendor\\laravel\\framework\\src\\Illuminate\\Http\\Client\\PendingRequest.php(809): Illuminate\\Http\\Client\\PendingRequest->send()
#21 C:\\Users\\Devy Relliani\\College_Project\\PPPL\\cegah-banjir\\vendor\\laravel\\framework\\src\\Illuminate\\Http\\Client\\Factory.php(535): Illuminate\\Http\\Client\\PendingRequest->post()
#22 C:\\Users\\Devy Relliani\\College_Project\\PPPL\\cegah-banjir\\vendor\\laravel\\framework\\src\\Illuminate\\Support\\Facades\\Facade.php(361): Illuminate\\Http\\Client\\Factory->__call()
#23 C:\\Users\\Devy Relliani\\College_Project\\PPPL\\cegah-banjir\\app\\Http\\Controllers\\EvakuasiController.php(44): Illuminate\\Support\\Facades\\Facade::__callStatic()
#24 C:\\Users\\Devy Relliani\\College_Project\\PPPL\\cegah-banjir\\vendor\\laravel\\framework\\src\\Illuminate\\Routing\\ControllerDispatcher.php(46): App\\Http\\Controllers\\EvakuasiController->submit()
#25 C:\\Users\\Devy Relliani\\College_Project\\PPPL\\cegah-banjir\\vendor\\laravel\\framework\\src\\Illuminate\\Routing\\Route.php(265): Illuminate\\Routing\\ControllerDispatcher->dispatch()
#26 C:\\Users\\Devy Relliani\\College_Project\\PPPL\\cegah-banjir\\vendor\\laravel\\framework\\src\\Illuminate\\Routing\\Route.php(211): Illuminate\\Routing\\Route->runController()
#27 C:\\Users\\Devy Relliani\\College_Project\\PPPL\\cegah-banjir\\vendor\\laravel\\framework\\src\\Illuminate\\Routing\\Router.php(808): Illuminate\\Routing\\Route->run()
#28 C:\\Users\\Devy Relliani\\College_Project\\PPPL\\cegah-banjir\\vendor\\laravel\\framework\\src\\Illuminate\\Pipeline\\Pipeline.php(169): Illuminate\\Routing\\Router->Illuminate\\Routing\\{closure}()
#29 C:\\Users\\Devy Relliani\\College_Project\\PPPL\\cegah-banjir\\vendor\\laravel\\framework\\src\\Illuminate\\Routing\\Middleware\\SubstituteBindings.php(50): Illuminate\\Pipeline\\Pipeline->Illuminate\\Pipeline\\{closure}()
#30 C:\\Users\\Devy Relliani\\College_Project\\PPPL\\cegah-banjir\\vendor\\laravel\\framework\\src\\Illuminate\\Pipeline\\Pipeline.php(208): Illuminate\\Routing\\Middleware\\SubstituteBindings->handle()
#31 C:\\Users\\Devy Relliani\\College_Project\\PPPL\\cegah-banjir\\vendor\\laravel\\framework\\src\\Illuminate\\Foundation\\Http\\Middleware\\VerifyCsrfToken.php(87): Illuminate\\Pipeline\\Pipeline->Illuminate\\Pipeline\\{closure}()
#32 C:\\Users\\Devy Relliani\\College_Project\\PPPL\\cegah-banjir\\vendor\\laravel\\framework\\src\\Illuminate\\Pipeline\\Pipeline.php(208): Illuminate\\Foundation\\Http\\Middleware\\VerifyCsrfToken->handle()
#33 C:\\Users\\Devy Relliani\\College_Project\\PPPL\\cegah-banjir\\vendor\\laravel\\framework\\src\\Illuminate\\View\\Middleware\\ShareErrorsFromSession.php(48): Illuminate\\Pipeline\\Pipeline->Illuminate\\Pipeline\\{closure}()
#34 C:\\Users\\Devy Relliani\\College_Project\\PPPL\\cegah-banjir\\vendor\\laravel\\framework\\src\\Illuminate\\Pipeline\\Pipeline.php(208): Illuminate\\View\\Middleware\\ShareErrorsFromSession->handle()
#35 C:\\Users\\Devy Relliani\\College_Project\\PPPL\\cegah-banjir\\vendor\\laravel\\framework\\src\\Illuminate\\Session\\Middleware\\StartSession.php(120): Illuminate\\Pipeline\\Pipeline->Illuminate\\Pipeline\\{closure}()
#36 C:\\Users\\Devy Relliani\\College_Project\\PPPL\\cegah-banjir\\vendor\\laravel\\framework\\src\\Illuminate\\Session\\Middleware\\StartSession.php(63): Illuminate\\Session\\Middleware\\StartSession->handleStatefulRequest()
#37 C:\\Users\\Devy Relliani\\College_Project\\PPPL\\cegah-banjir\\vendor\\laravel\\framework\\src\\Illuminate\\Pipeline\\Pipeline.php(208): Illuminate\\Session\\Middleware\\StartSession->handle()
#38 C:\\Users\\Devy Relliani\\College_Project\\PPPL\\cegah-banjir\\vendor\\laravel\\framework\\src\\Illuminate\\Cookie\\Middleware\\AddQueuedCookiesToResponse.php(36): Illuminate\\Pipeline\\Pipeline->Illuminate\\Pipeline\\{closure}()
#39 C:\\Users\\Devy Relliani\\College_Project\\PPPL\\cegah-banjir\\vendor\\laravel\\framework\\src\\Illuminate\\Pipeline\\Pipeline.php(208): Illuminate\\Cookie\\Middleware\\AddQueuedCookiesToResponse->handle()
#40 C:\\Users\\Devy Relliani\\College_Project\\PPPL\\cegah-banjir\\vendor\\laravel\\framework\\src\\Illuminate\\Cookie\\Middleware\\EncryptCookies.php(74): Illuminate\\Pipeline\\Pipeline->Illuminate\\Pipeline\\{closure}()
#41 C:\\Users\\Devy Relliani\\College_Project\\PPPL\\cegah-banjir\\vendor\\laravel\\framework\\src\\Illuminate\\Pipeline\\Pipeline.php(208): Illuminate\\Cookie\\Middleware\\EncryptCookies->handle()
#42 C:\\Users\\Devy Relliani\\College_Project\\PPPL\\cegah-banjir\\vendor\\laravel\\framework\\src\\Illuminate\\Pipeline\\Pipeline.php(126): Illuminate\\Pipeline\\Pipeline->Illuminate\\Pipeline\\{closure}()
#43 C:\\Users\\Devy Relliani\\College_Project\\PPPL\\cegah-banjir\\vendor\\laravel\\framework\\src\\Illuminate\\Routing\\Router.php(807): Illuminate\\Pipeline\\Pipeline->then()
#44 C:\\Users\\Devy Relliani\\College_Project\\PPPL\\cegah-banjir\\vendor\\laravel\\framework\\src\\Illuminate\\Routing\\Router.php(786): Illuminate\\Routing\\Router->runRouteWithinStack()
#45 C:\\Users\\Devy Relliani\\College_Project\\PPPL\\cegah-banjir\\vendor\\laravel\\framework\\src\\Illuminate\\Routing\\Router.php(750): Illuminate\\Routing\\Router->runRoute()
#46 C:\\Users\\Devy Relliani\\College_Project\\PPPL\\cegah-banjir\\vendor\\laravel\\framework\\src\\Illuminate\\Routing\\Router.php(739): Illuminate\\Routing\\Router->dispatchToRoute()
#47 C:\\Users\\Devy Relliani\\College_Project\\PPPL\\cegah-banjir\\vendor\\laravel\\framework\\src\\Illuminate\\Foundation\\Http\\Kernel.php(200): Illuminate\\Routing\\Router->dispatch()
#48 C:\\Users\\Devy Relliani\\College_Project\\PPPL\\cegah-banjir\\vendor\\laravel\\framework\\src\\Illuminate\\Pipeline\\Pipeline.php(169): Illuminate\\Foundation\\Http\\Kernel->Illuminate\\Foundation\\Http\\{closure}()
#49 C:\\Users\\Devy Relliani\\College_Project\\PPPL\\cegah-banjir\\vendor\\laravel\\framework\\src\\Illuminate\\Foundation\\Http\\Middleware\\TransformsRequest.php(21): Illuminate\\Pipeline\\Pipeline->Illuminate\\Pipeline\\{closure}()
#50 C:\\Users\\Devy Relliani\\College_Project\\PPPL\\cegah-banjir\\vendor\\laravel\\framework\\src\\Illuminate\\Foundation\\Http\\Middleware\\ConvertEmptyStringsToNull.php(31): Illuminate\\Foundation\\Http\\Middleware\\TransformsRequest->handle()
#51 C:\\Users\\Devy Relliani\\College_Project\\PPPL\\cegah-banjir\\vendor\\laravel\\framework\\src\\Illuminate\\Pipeline\\Pipeline.php(208): Illuminate\\Foundation\\Http\\Middleware\\ConvertEmptyStringsToNull->handle()
#52 C:\\Users\\Devy Relliani\\College_Project\\PPPL\\cegah-banjir\\vendor\\laravel\\framework\\src\\Illuminate\\Foundation\\Http\\Middleware\\TransformsRequest.php(21): Illuminate\\Pipeline\\Pipeline->Illuminate\\Pipeline\\{closure}()
#53 C:\\Users\\Devy Relliani\\College_Project\\PPPL\\cegah-banjir\\vendor\\laravel\\framework\\src\\Illuminate\\Foundation\\Http\\Middleware\\TrimStrings.php(51): Illuminate\\Foundation\\Http\\Middleware\\TransformsRequest->handle()
#54 C:\\Users\\Devy Relliani\\College_Project\\PPPL\\cegah-banjir\\vendor\\laravel\\framework\\src\\Illuminate\\Pipeline\\Pipeline.php(208): Illuminate\\Foundation\\Http\\Middleware\\TrimStrings->handle()
#55 C:\\Users\\Devy Relliani\\College_Project\\PPPL\\cegah-banjir\\vendor\\laravel\\framework\\src\\Illuminate\\Http\\Middleware\\ValidatePostSize.php(27): Illuminate\\Pipeline\\Pipeline->Illuminate\\Pipeline\\{closure}()
#56 C:\\Users\\Devy Relliani\\College_Project\\PPPL\\cegah-banjir\\vendor\\laravel\\framework\\src\\Illuminate\\Pipeline\\Pipeline.php(208): Illuminate\\Http\\Middleware\\ValidatePostSize->handle()
#57 C:\\Users\\Devy Relliani\\College_Project\\PPPL\\cegah-banjir\\vendor\\laravel\\framework\\src\\Illuminate\\Foundation\\Http\\Middleware\\PreventRequestsDuringMaintenance.php(109): Illuminate\\Pipeline\\Pipeline->Illuminate\\Pipeline\\{closure}()
#58 C:\\Users\\Devy Relliani\\College_Project\\PPPL\\cegah-banjir\\vendor\\laravel\\framework\\src\\Illuminate\\Pipeline\\Pipeline.php(208): Illuminate\\Foundation\\Http\\Middleware\\PreventRequestsDuringMaintenance->handle()
#59 C:\\Users\\Devy Relliani\\College_Project\\PPPL\\cegah-banjir\\vendor\\laravel\\framework\\src\\Illuminate\\Http\\Middleware\\HandleCors.php(48): Illuminate\\Pipeline\\Pipeline->Illuminate\\Pipeline\\{closure}()
#60 C:\\Users\\Devy Relliani\\College_Project\\PPPL\\cegah-banjir\\vendor\\laravel\\framework\\src\\Illuminate\\Pipeline\\Pipeline.php(208): Illuminate\\Http\\Middleware\\HandleCors->handle()
#61 C:\\Users\\Devy Relliani\\College_Project\\PPPL\\cegah-banjir\\vendor\\laravel\\framework\\src\\Illuminate\\Http\\Middleware\\TrustProxies.php(58): Illuminate\\Pipeline\\Pipeline->Illuminate\\Pipeline\\{closure}()
#62 C:\\Users\\Devy Relliani\\College_Project\\PPPL\\cegah-banjir\\vendor\\laravel\\framework\\src\\Illuminate\\Pipeline\\Pipeline.php(208): Illuminate\\Http\\Middleware\\TrustProxies->handle()
#63 C:\\Users\\Devy Relliani\\College_Project\\PPPL\\cegah-banjir\\vendor\\laravel\\framework\\src\\Illuminate\\Foundation\\Http\\Middleware\\InvokeDeferredCallbacks.php(22): Illuminate\\Pipeline\\Pipeline->Illuminate\\Pipeline\\{closure}()
#64 C:\\Users\\Devy Relliani\\College_Project\\PPPL\\cegah-banjir\\vendor\\laravel\\framework\\src\\Illuminate\\Pipeline\\Pipeline.php(208): Illuminate\\Foundation\\Http\\Middleware\\InvokeDeferredCallbacks->handle()
#65 C:\\Users\\Devy Relliani\\College_Project\\PPPL\\cegah-banjir\\vendor\\laravel\\framework\\src\\Illuminate\\Http\\Middleware\\ValidatePathEncoding.php(26): Illuminate\\Pipeline\\Pipeline->Illuminate\\Pipeline\\{closure}()
#66 C:\\Users\\Devy Relliani\\College_Project\\PPPL\\cegah-banjir\\vendor\\laravel\\framework\\src\\Illuminate\\Pipeline\\Pipeline.php(208): Illuminate\\Http\\Middleware\\ValidatePathEncoding->handle()
#67 C:\\Users\\Devy Relliani\\College_Project\\PPPL\\cegah-banjir\\vendor\\laravel\\framework\\src\\Illuminate\\Pipeline\\Pipeline.php(126): Illuminate\\Pipeline\\Pipeline->Illuminate\\Pipeline\\{closure}()
#68 C:\\Users\\Devy Relliani\\College_Project\\PPPL\\cegah-banjir\\vendor\\laravel\\framework\\src\\Illuminate\\Foundation\\Http\\Kernel.php(175): Illuminate\\Pipeline\\Pipeline->then()
#69 C:\\Users\\Devy Relliani\\College_Project\\PPPL\\cegah-banjir\\vendor\\laravel\\framework\\src\\Illuminate\\Foundation\\Http\\Kernel.php(144): Illuminate\\Foundation\\Http\\Kernel->sendRequestThroughRouter()
#70 C:\\Users\\Devy Relliani\\College_Project\\PPPL\\cegah-banjir\\vendor\\laravel\\framework\\src\\Illuminate\\Foundation\\Application.php(1219): Illuminate\\Foundation\\Http\\Kernel->handle()
#71 C:\\Users\\Devy Relliani\\College_Project\\PPPL\\cegah-banjir\\public\\index.php(20): Illuminate\\Foundation\\Application->handleRequest()
#72 C:\\Users\\Devy Relliani\\College_Project\\PPPL\\cegah-banjir\\vendor\\laravel\\framework\\src\\Illuminate\\Foundation\\resources\\server.php(23): require_once('...')
#73 {main}
"} 
[2025-06-29 10:07:57] local.ERROR: cURL error 60: SSL certificate problem: unable to get local issuer certificate (see https://curl.haxx.se/libcurl/c/libcurl-errors.html) for https://cegah-banjir-default-rtdb.asia-southeast1.firebasedatabase.app//evakuasi.json {"exception":"[object] (Illuminate\\Http\\Client\\ConnectionException(code: 0): cURL error 60: SSL certificate problem: unable to get local issuer certificate (see https://curl.haxx.se/libcurl/c/libcurl-errors.html) for https://cegah-banjir-default-rtdb.asia-southeast1.firebasedatabase.app//evakuasi.json at C:\\Users\\Devy Relliani\\College_Project\\PPPL\\cegah-banjir\\vendor\\laravel\\framework\\src\\Illuminate\\Http\\Client\\PendingRequest.php:1592)
[stacktrace]
#0 C:\\Users\\Devy Relliani\\College_Project\\PPPL\\cegah-banjir\\vendor\\laravel\\framework\\src\\Illuminate\\Http\\Client\\PendingRequest.php(951): Illuminate\\Http\\Client\\PendingRequest->marshalRequestExceptionWithoutResponse()
#1 C:\\Users\\Devy Relliani\\College_Project\\PPPL\\cegah-banjir\\vendor\\laravel\\framework\\src\\Illuminate\\Support\\helpers.php(338): Illuminate\\Http\\Client\\PendingRequest->Illuminate\\Http\\Client\\{closure}()
#2 C:\\Users\\Devy Relliani\\College_Project\\PPPL\\cegah-banjir\\vendor\\laravel\\framework\\src\\Illuminate\\Http\\Client\\PendingRequest.php(910): retry()
#3 C:\\Users\\Devy Relliani\\College_Project\\PPPL\\cegah-banjir\\vendor\\laravel\\framework\\src\\Illuminate\\Http\\Client\\PendingRequest.php(809): Illuminate\\Http\\Client\\PendingRequest->send()
#4 C:\\Users\\Devy Relliani\\College_Project\\PPPL\\cegah-banjir\\vendor\\laravel\\framework\\src\\Illuminate\\Http\\Client\\Factory.php(535): Illuminate\\Http\\Client\\PendingRequest->post()
#5 C:\\Users\\Devy Relliani\\College_Project\\PPPL\\cegah-banjir\\vendor\\laravel\\framework\\src\\Illuminate\\Support\\Facades\\Facade.php(361): Illuminate\\Http\\Client\\Factory->__call()
#6 C:\\Users\\Devy Relliani\\College_Project\\PPPL\\cegah-banjir\\app\\Http\\Controllers\\EvakuasiController.php(49): Illuminate\\Support\\Facades\\Facade::__callStatic()
#7 C:\\Users\\Devy Relliani\\College_Project\\PPPL\\cegah-banjir\\vendor\\laravel\\framework\\src\\Illuminate\\Routing\\ControllerDispatcher.php(46): App\\Http\\Controllers\\EvakuasiController->submit()
#8 C:\\Users\\Devy Relliani\\College_Project\\PPPL\\cegah-banjir\\vendor\\laravel\\framework\\src\\Illuminate\\Routing\\Route.php(265): Illuminate\\Routing\\ControllerDispatcher->dispatch()
#9 C:\\Users\\Devy Relliani\\College_Project\\PPPL\\cegah-banjir\\vendor\\laravel\\framework\\src\\Illuminate\\Routing\\Route.php(211): Illuminate\\Routing\\Route->runController()
#10 C:\\Users\\Devy Relliani\\College_Project\\PPPL\\cegah-banjir\\vendor\\laravel\\framework\\src\\Illuminate\\Routing\\Router.php(808): Illuminate\\Routing\\Route->run()
#11 C:\\Users\\Devy Relliani\\College_Project\\PPPL\\cegah-banjir\\vendor\\laravel\\framework\\src\\Illuminate\\Pipeline\\Pipeline.php(169): Illuminate\\Routing\\Router->Illuminate\\Routing\\{closure}()
#12 C:\\Users\\Devy Relliani\\College_Project\\PPPL\\cegah-banjir\\vendor\\laravel\\framework\\src\\Illuminate\\Routing\\Middleware\\SubstituteBindings.php(50): Illuminate\\Pipeline\\Pipeline->Illuminate\\Pipeline\\{closure}()
#13 C:\\Users\\Devy Relliani\\College_Project\\PPPL\\cegah-banjir\\vendor\\laravel\\framework\\src\\Illuminate\\Pipeline\\Pipeline.php(208): Illuminate\\Routing\\Middleware\\SubstituteBindings->handle()
#14 C:\\Users\\Devy Relliani\\College_Project\\PPPL\\cegah-banjir\\vendor\\laravel\\framework\\src\\Illuminate\\Foundation\\Http\\Middleware\\VerifyCsrfToken.php(87): Illuminate\\Pipeline\\Pipeline->Illuminate\\Pipeline\\{closure}()
#15 C:\\Users\\Devy Relliani\\College_Project\\PPPL\\cegah-banjir\\vendor\\laravel\\framework\\src\\Illuminate\\Pipeline\\Pipeline.php(208): Illuminate\\Foundation\\Http\\Middleware\\VerifyCsrfToken->handle()
#16 C:\\Users\\Devy Relliani\\College_Project\\PPPL\\cegah-banjir\\vendor\\laravel\\framework\\src\\Illuminate\\View\\Middleware\\ShareErrorsFromSession.php(48): Illuminate\\Pipeline\\Pipeline->Illuminate\\Pipeline\\{closure}()
#17 C:\\Users\\Devy Relliani\\College_Project\\PPPL\\cegah-banjir\\vendor\\laravel\\framework\\src\\Illuminate\\Pipeline\\Pipeline.php(208): Illuminate\\View\\Middleware\\ShareErrorsFromSession->handle()
#18 C:\\Users\\Devy Relliani\\College_Project\\PPPL\\cegah-banjir\\vendor\\laravel\\framework\\src\\Illuminate\\Session\\Middleware\\StartSession.php(120): Illuminate\\Pipeline\\Pipeline->Illuminate\\Pipeline\\{closure}()
#19 C:\\Users\\Devy Relliani\\College_Project\\PPPL\\cegah-banjir\\vendor\\laravel\\framework\\src\\Illuminate\\Session\\Middleware\\StartSession.php(63): Illuminate\\Session\\Middleware\\StartSession->handleStatefulRequest()
#20 C:\\Users\\Devy Relliani\\College_Project\\PPPL\\cegah-banjir\\vendor\\laravel\\framework\\src\\Illuminate\\Pipeline\\Pipeline.php(208): Illuminate\\Session\\Middleware\\StartSession->handle()
#21 C:\\Users\\Devy Relliani\\College_Project\\PPPL\\cegah-banjir\\vendor\\laravel\\framework\\src\\Illuminate\\Cookie\\Middleware\\AddQueuedCookiesToResponse.php(36): Illuminate\\Pipeline\\Pipeline->Illuminate\\Pipeline\\{closure}()
#22 C:\\Users\\Devy Relliani\\College_Project\\PPPL\\cegah-banjir\\vendor\\laravel\\framework\\src\\Illuminate\\Pipeline\\Pipeline.php(208): Illuminate\\Cookie\\Middleware\\AddQueuedCookiesToResponse->handle()
#23 C:\\Users\\Devy Relliani\\College_Project\\PPPL\\cegah-banjir\\vendor\\laravel\\framework\\src\\Illuminate\\Cookie\\Middleware\\EncryptCookies.php(74): Illuminate\\Pipeline\\Pipeline->Illuminate\\Pipeline\\{closure}()
#24 C:\\Users\\Devy Relliani\\College_Project\\PPPL\\cegah-banjir\\vendor\\laravel\\framework\\src\\Illuminate\\Pipeline\\Pipeline.php(208): Illuminate\\Cookie\\Middleware\\EncryptCookies->handle()
#25 C:\\Users\\Devy Relliani\\College_Project\\PPPL\\cegah-banjir\\vendor\\laravel\\framework\\src\\Illuminate\\Pipeline\\Pipeline.php(126): Illuminate\\Pipeline\\Pipeline->Illuminate\\Pipeline\\{closure}()
#26 C:\\Users\\Devy Relliani\\College_Project\\PPPL\\cegah-banjir\\vendor\\laravel\\framework\\src\\Illuminate\\Routing\\Router.php(807): Illuminate\\Pipeline\\Pipeline->then()
#27 C:\\Users\\Devy Relliani\\College_Project\\PPPL\\cegah-banjir\\vendor\\laravel\\framework\\src\\Illuminate\\Routing\\Router.php(786): Illuminate\\Routing\\Router->runRouteWithinStack()
#28 C:\\Users\\Devy Relliani\\College_Project\\PPPL\\cegah-banjir\\vendor\\laravel\\framework\\src\\Illuminate\\Routing\\Router.php(750): Illuminate\\Routing\\Router->runRoute()
#29 C:\\Users\\Devy Relliani\\College_Project\\PPPL\\cegah-banjir\\vendor\\laravel\\framework\\src\\Illuminate\\Routing\\Router.php(739): Illuminate\\Routing\\Router->dispatchToRoute()
#30 C:\\Users\\Devy Relliani\\College_Project\\PPPL\\cegah-banjir\\vendor\\laravel\\framework\\src\\Illuminate\\Foundation\\Http\\Kernel.php(200): Illuminate\\Routing\\Router->dispatch()
#31 C:\\Users\\Devy Relliani\\College_Project\\PPPL\\cegah-banjir\\vendor\\laravel\\framework\\src\\Illuminate\\Pipeline\\Pipeline.php(169): Illuminate\\Foundation\\Http\\Kernel->Illuminate\\Foundation\\Http\\{closure}()
#32 C:\\Users\\Devy Relliani\\College_Project\\PPPL\\cegah-banjir\\vendor\\laravel\\framework\\src\\Illuminate\\Foundation\\Http\\Middleware\\TransformsRequest.php(21): Illuminate\\Pipeline\\Pipeline->Illuminate\\Pipeline\\{closure}()
#33 C:\\Users\\Devy Relliani\\College_Project\\PPPL\\cegah-banjir\\vendor\\laravel\\framework\\src\\Illuminate\\Foundation\\Http\\Middleware\\ConvertEmptyStringsToNull.php(31): Illuminate\\Foundation\\Http\\Middleware\\TransformsRequest->handle()
#34 C:\\Users\\Devy Relliani\\College_Project\\PPPL\\cegah-banjir\\vendor\\laravel\\framework\\src\\Illuminate\\Pipeline\\Pipeline.php(208): Illuminate\\Foundation\\Http\\Middleware\\ConvertEmptyStringsToNull->handle()
#35 C:\\Users\\Devy Relliani\\College_Project\\PPPL\\cegah-banjir\\vendor\\laravel\\framework\\src\\Illuminate\\Foundation\\Http\\Middleware\\TransformsRequest.php(21): Illuminate\\Pipeline\\Pipeline->Illuminate\\Pipeline\\{closure}()
#36 C:\\Users\\Devy Relliani\\College_Project\\PPPL\\cegah-banjir\\vendor\\laravel\\framework\\src\\Illuminate\\Foundation\\Http\\Middleware\\TrimStrings.php(51): Illuminate\\Foundation\\Http\\Middleware\\TransformsRequest->handle()
#37 C:\\Users\\Devy Relliani\\College_Project\\PPPL\\cegah-banjir\\vendor\\laravel\\framework\\src\\Illuminate\\Pipeline\\Pipeline.php(208): Illuminate\\Foundation\\Http\\Middleware\\TrimStrings->handle()
#38 C:\\Users\\Devy Relliani\\College_Project\\PPPL\\cegah-banjir\\vendor\\laravel\\framework\\src\\Illuminate\\Http\\Middleware\\ValidatePostSize.php(27): Illuminate\\Pipeline\\Pipeline->Illuminate\\Pipeline\\{closure}()
#39 C:\\Users\\Devy Relliani\\College_Project\\PPPL\\cegah-banjir\\vendor\\laravel\\framework\\src\\Illuminate\\Pipeline\\Pipeline.php(208): Illuminate\\Http\\Middleware\\ValidatePostSize->handle()
#40 C:\\Users\\Devy Relliani\\College_Project\\PPPL\\cegah-banjir\\vendor\\laravel\\framework\\src\\Illuminate\\Foundation\\Http\\Middleware\\PreventRequestsDuringMaintenance.php(109): Illuminate\\Pipeline\\Pipeline->Illuminate\\Pipeline\\{closure}()
#41 C:\\Users\\Devy Relliani\\College_Project\\PPPL\\cegah-banjir\\vendor\\laravel\\framework\\src\\Illuminate\\Pipeline\\Pipeline.php(208): Illuminate\\Foundation\\Http\\Middleware\\PreventRequestsDuringMaintenance->handle()
#42 C:\\Users\\Devy Relliani\\College_Project\\PPPL\\cegah-banjir\\vendor\\laravel\\framework\\src\\Illuminate\\Http\\Middleware\\HandleCors.php(48): Illuminate\\Pipeline\\Pipeline->Illuminate\\Pipeline\\{closure}()
#43 C:\\Users\\Devy Relliani\\College_Project\\PPPL\\cegah-banjir\\vendor\\laravel\\framework\\src\\Illuminate\\Pipeline\\Pipeline.php(208): Illuminate\\Http\\Middleware\\HandleCors->handle()
#44 C:\\Users\\Devy Relliani\\College_Project\\PPPL\\cegah-banjir\\vendor\\laravel\\framework\\src\\Illuminate\\Http\\Middleware\\TrustProxies.php(58): Illuminate\\Pipeline\\Pipeline->Illuminate\\Pipeline\\{closure}()
#45 C:\\Users\\Devy Relliani\\College_Project\\PPPL\\cegah-banjir\\vendor\\laravel\\framework\\src\\Illuminate\\Pipeline\\Pipeline.php(208): Illuminate\\Http\\Middleware\\TrustProxies->handle()
#46 C:\\Users\\Devy Relliani\\College_Project\\PPPL\\cegah-banjir\\vendor\\laravel\\framework\\src\\Illuminate\\Foundation\\Http\\Middleware\\InvokeDeferredCallbacks.php(22): Illuminate\\Pipeline\\Pipeline->Illuminate\\Pipeline\\{closure}()
#47 C:\\Users\\Devy Relliani\\College_Project\\PPPL\\cegah-banjir\\vendor\\laravel\\framework\\src\\Illuminate\\Pipeline\\Pipeline.php(208): Illuminate\\Foundation\\Http\\Middleware\\InvokeDeferredCallbacks->handle()
#48 C:\\Users\\Devy Relliani\\College_Project\\PPPL\\cegah-banjir\\vendor\\laravel\\framework\\src\\Illuminate\\Http\\Middleware\\ValidatePathEncoding.php(26): Illuminate\\Pipeline\\Pipeline->Illuminate\\Pipeline\\{closure}()
#49 C:\\Users\\Devy Relliani\\College_Project\\PPPL\\cegah-banjir\\vendor\\laravel\\framework\\src\\Illuminate\\Pipeline\\Pipeline.php(208): Illuminate\\Http\\Middleware\\ValidatePathEncoding->handle()
#50 C:\\Users\\Devy Relliani\\College_Project\\PPPL\\cegah-banjir\\vendor\\laravel\\framework\\src\\Illuminate\\Pipeline\\Pipeline.php(126): Illuminate\\Pipeline\\Pipeline->Illuminate\\Pipeline\\{closure}()
#51 C:\\Users\\Devy Relliani\\College_Project\\PPPL\\cegah-banjir\\vendor\\laravel\\framework\\src\\Illuminate\\Foundation\\Http\\Kernel.php(175): Illuminate\\Pipeline\\Pipeline->then()
#52 C:\\Users\\Devy Relliani\\College_Project\\PPPL\\cegah-banjir\\vendor\\laravel\\framework\\src\\Illuminate\\Foundation\\Http\\Kernel.php(144): Illuminate\\Foundation\\Http\\Kernel->sendRequestThroughRouter()
#53 C:\\Users\\Devy Relliani\\College_Project\\PPPL\\cegah-banjir\\vendor\\laravel\\framework\\src\\Illuminate\\Foundation\\Application.php(1219): Illuminate\\Foundation\\Http\\Kernel->handle()
#54 C:\\Users\\Devy Relliani\\College_Project\\PPPL\\cegah-banjir\\public\\index.php(20): Illuminate\\Foundation\\Application->handleRequest()
#55 C:\\Users\\Devy Relliani\\College_Project\\PPPL\\cegah-banjir\\vendor\\laravel\\framework\\src\\Illuminate\\Foundation\\resources\\server.php(23): require_once('...')
#56 {main}

[previous exception] [object] (GuzzleHttp\\Exception\\RequestException(code: 0): cURL error 60: SSL certificate problem: unable to get local issuer certificate (see https://curl.haxx.se/libcurl/c/libcurl-errors.html) for https://cegah-banjir-default-rtdb.asia-southeast1.firebasedatabase.app//evakuasi.json at C:\\Users\\Devy Relliani\\College_Project\\PPPL\\cegah-banjir\\vendor\\guzzlehttp\\guzzle\\src\\Handler\\CurlFactory.php:276)
[stacktrace]
#0 C:\\Users\\Devy Relliani\\College_Project\\PPPL\\cegah-banjir\\vendor\\guzzlehttp\\guzzle\\src\\Handler\\CurlFactory.php(205): GuzzleHttp\\Handler\\CurlFactory::createRejection()
#1 C:\\Users\\Devy Relliani\\College_Project\\PPPL\\cegah-banjir\\vendor\\guzzlehttp\\guzzle\\src\\Handler\\CurlFactory.php(157): GuzzleHttp\\Handler\\CurlFactory::finishError()
#2 C:\\Users\\Devy Relliani\\College_Project\\PPPL\\cegah-banjir\\vendor\\guzzlehttp\\guzzle\\src\\Handler\\CurlHandler.php(47): GuzzleHttp\\Handler\\CurlFactory::finish()
#3 C:\\Users\\Devy Relliani\\College_Project\\PPPL\\cegah-banjir\\vendor\\guzzlehttp\\guzzle\\src\\Handler\\Proxy.php(28): GuzzleHttp\\Handler\\CurlHandler->__invoke()
#4 C:\\Users\\Devy Relliani\\College_Project\\PPPL\\cegah-banjir\\vendor\\guzzlehttp\\guzzle\\src\\Handler\\Proxy.php(48): GuzzleHttp\\Handler\\Proxy::GuzzleHttp\\Handler\\{closure}()
#5 C:\\Users\\Devy Relliani\\College_Project\\PPPL\\cegah-banjir\\vendor\\laravel\\framework\\src\\Illuminate\\Http\\Client\\PendingRequest.php(1355): GuzzleHttp\\Handler\\Proxy::GuzzleHttp\\Handler\\{closure}()
#6 C:\\Users\\Devy Relliani\\College_Project\\PPPL\\cegah-banjir\\vendor\\laravel\\framework\\src\\Illuminate\\Http\\Client\\PendingRequest.php(1321): Illuminate\\Http\\Client\\PendingRequest->Illuminate\\Http\\Client\\{closure}()
#7 C:\\Users\\Devy Relliani\\College_Project\\PPPL\\cegah-banjir\\vendor\\laravel\\framework\\src\\Illuminate\\Http\\Client\\PendingRequest.php(1307): Illuminate\\Http\\Client\\PendingRequest->Illuminate\\Http\\Client\\{closure}()
#8 C:\\Users\\Devy Relliani\\College_Project\\PPPL\\cegah-banjir\\vendor\\guzzlehttp\\guzzle\\src\\PrepareBodyMiddleware.php(64): Illuminate\\Http\\Client\\PendingRequest->Illuminate\\Http\\Client\\{closure}()
#9 C:\\Users\\Devy Relliani\\College_Project\\PPPL\\cegah-banjir\\vendor\\guzzlehttp\\guzzle\\src\\Middleware.php(38): GuzzleHttp\\PrepareBodyMiddleware->__invoke()
#10 C:\\Users\\Devy Relliani\\College_Project\\PPPL\\cegah-banjir\\vendor\\guzzlehttp\\guzzle\\src\\RedirectMiddleware.php(71): GuzzleHttp\\Middleware::GuzzleHttp\\{closure}()
#11 C:\\Users\\Devy Relliani\\College_Project\\PPPL\\cegah-banjir\\vendor\\guzzlehttp\\guzzle\\src\\Middleware.php(63): GuzzleHttp\\RedirectMiddleware->__invoke()
#12 C:\\Users\\Devy Relliani\\College_Project\\PPPL\\cegah-banjir\\vendor\\guzzlehttp\\guzzle\\src\\HandlerStack.php(75): GuzzleHttp\\Middleware::GuzzleHttp\\{closure}()
#13 C:\\Users\\Devy Relliani\\College_Project\\PPPL\\cegah-banjir\\vendor\\guzzlehttp\\guzzle\\src\\Client.php(333): GuzzleHttp\\HandlerStack->__invoke()
#14 C:\\Users\\Devy Relliani\\College_Project\\PPPL\\cegah-banjir\\vendor\\guzzlehttp\\guzzle\\src\\Client.php(169): GuzzleHttp\\Client->transfer()
#15 C:\\Users\\Devy Relliani\\College_Project\\PPPL\\cegah-banjir\\vendor\\guzzlehttp\\guzzle\\src\\Client.php(189): GuzzleHttp\\Client->requestAsync()
#16 C:\\Users\\Devy Relliani\\College_Project\\PPPL\\cegah-banjir\\vendor\\laravel\\framework\\src\\Illuminate\\Http\\Client\\PendingRequest.php(1153): GuzzleHttp\\Client->request()
#17 C:\\Users\\Devy Relliani\\College_Project\\PPPL\\cegah-banjir\\vendor\\laravel\\framework\\src\\Illuminate\\Http\\Client\\PendingRequest.php(912): Illuminate\\Http\\Client\\PendingRequest->sendRequest()
#18 C:\\Users\\Devy Relliani\\College_Project\\PPPL\\cegah-banjir\\vendor\\laravel\\framework\\src\\Illuminate\\Support\\helpers.php(338): Illuminate\\Http\\Client\\PendingRequest->Illuminate\\Http\\Client\\{closure}()
#19 C:\\Users\\Devy Relliani\\College_Project\\PPPL\\cegah-banjir\\vendor\\laravel\\framework\\src\\Illuminate\\Http\\Client\\PendingRequest.php(910): retry()
#20 C:\\Users\\Devy Relliani\\College_Project\\PPPL\\cegah-banjir\\vendor\\laravel\\framework\\src\\Illuminate\\Http\\Client\\PendingRequest.php(809): Illuminate\\Http\\Client\\PendingRequest->send()
#21 C:\\Users\\Devy Relliani\\College_Project\\PPPL\\cegah-banjir\\vendor\\laravel\\framework\\src\\Illuminate\\Http\\Client\\Factory.php(535): Illuminate\\Http\\Client\\PendingRequest->post()
#22 C:\\Users\\Devy Relliani\\College_Project\\PPPL\\cegah-banjir\\vendor\\laravel\\framework\\src\\Illuminate\\Support\\Facades\\Facade.php(361): Illuminate\\Http\\Client\\Factory->__call()
#23 C:\\Users\\Devy Relliani\\College_Project\\PPPL\\cegah-banjir\\app\\Http\\Controllers\\EvakuasiController.php(49): Illuminate\\Support\\Facades\\Facade::__callStatic()
#24 C:\\Users\\Devy Relliani\\College_Project\\PPPL\\cegah-banjir\\vendor\\laravel\\framework\\src\\Illuminate\\Routing\\ControllerDispatcher.php(46): App\\Http\\Controllers\\EvakuasiController->submit()
#25 C:\\Users\\Devy Relliani\\College_Project\\PPPL\\cegah-banjir\\vendor\\laravel\\framework\\src\\Illuminate\\Routing\\Route.php(265): Illuminate\\Routing\\ControllerDispatcher->dispatch()
#26 C:\\Users\\Devy Relliani\\College_Project\\PPPL\\cegah-banjir\\vendor\\laravel\\framework\\src\\Illuminate\\Routing\\Route.php(211): Illuminate\\Routing\\Route->runController()
#27 C:\\Users\\Devy Relliani\\College_Project\\PPPL\\cegah-banjir\\vendor\\laravel\\framework\\src\\Illuminate\\Routing\\Router.php(808): Illuminate\\Routing\\Route->run()
#28 C:\\Users\\Devy Relliani\\College_Project\\PPPL\\cegah-banjir\\vendor\\laravel\\framework\\src\\Illuminate\\Pipeline\\Pipeline.php(169): Illuminate\\Routing\\Router->Illuminate\\Routing\\{closure}()
#29 C:\\Users\\Devy Relliani\\College_Project\\PPPL\\cegah-banjir\\vendor\\laravel\\framework\\src\\Illuminate\\Routing\\Middleware\\SubstituteBindings.php(50): Illuminate\\Pipeline\\Pipeline->Illuminate\\Pipeline\\{closure}()
#30 C:\\Users\\Devy Relliani\\College_Project\\PPPL\\cegah-banjir\\vendor\\laravel\\framework\\src\\Illuminate\\Pipeline\\Pipeline.php(208): Illuminate\\Routing\\Middleware\\SubstituteBindings->handle()
#31 C:\\Users\\Devy Relliani\\College_Project\\PPPL\\cegah-banjir\\vendor\\laravel\\framework\\src\\Illuminate\\Foundation\\Http\\Middleware\\VerifyCsrfToken.php(87): Illuminate\\Pipeline\\Pipeline->Illuminate\\Pipeline\\{closure}()
#32 C:\\Users\\Devy Relliani\\College_Project\\PPPL\\cegah-banjir\\vendor\\laravel\\framework\\src\\Illuminate\\Pipeline\\Pipeline.php(208): Illuminate\\Foundation\\Http\\Middleware\\VerifyCsrfToken->handle()
#33 C:\\Users\\Devy Relliani\\College_Project\\PPPL\\cegah-banjir\\vendor\\laravel\\framework\\src\\Illuminate\\View\\Middleware\\ShareErrorsFromSession.php(48): Illuminate\\Pipeline\\Pipeline->Illuminate\\Pipeline\\{closure}()
#34 C:\\Users\\Devy Relliani\\College_Project\\PPPL\\cegah-banjir\\vendor\\laravel\\framework\\src\\Illuminate\\Pipeline\\Pipeline.php(208): Illuminate\\View\\Middleware\\ShareErrorsFromSession->handle()
#35 C:\\Users\\Devy Relliani\\College_Project\\PPPL\\cegah-banjir\\vendor\\laravel\\framework\\src\\Illuminate\\Session\\Middleware\\StartSession.php(120): Illuminate\\Pipeline\\Pipeline->Illuminate\\Pipeline\\{closure}()
#36 C:\\Users\\Devy Relliani\\College_Project\\PPPL\\cegah-banjir\\vendor\\laravel\\framework\\src\\Illuminate\\Session\\Middleware\\StartSession.php(63): Illuminate\\Session\\Middleware\\StartSession->handleStatefulRequest()
#37 C:\\Users\\Devy Relliani\\College_Project\\PPPL\\cegah-banjir\\vendor\\laravel\\framework\\src\\Illuminate\\Pipeline\\Pipeline.php(208): Illuminate\\Session\\Middleware\\StartSession->handle()
#38 C:\\Users\\Devy Relliani\\College_Project\\PPPL\\cegah-banjir\\vendor\\laravel\\framework\\src\\Illuminate\\Cookie\\Middleware\\AddQueuedCookiesToResponse.php(36): Illuminate\\Pipeline\\Pipeline->Illuminate\\Pipeline\\{closure}()
#39 C:\\Users\\Devy Relliani\\College_Project\\PPPL\\cegah-banjir\\vendor\\laravel\\framework\\src\\Illuminate\\Pipeline\\Pipeline.php(208): Illuminate\\Cookie\\Middleware\\AddQueuedCookiesToResponse->handle()
#40 C:\\Users\\Devy Relliani\\College_Project\\PPPL\\cegah-banjir\\vendor\\laravel\\framework\\src\\Illuminate\\Cookie\\Middleware\\EncryptCookies.php(74): Illuminate\\Pipeline\\Pipeline->Illuminate\\Pipeline\\{closure}()
#41 C:\\Users\\Devy Relliani\\College_Project\\PPPL\\cegah-banjir\\vendor\\laravel\\framework\\src\\Illuminate\\Pipeline\\Pipeline.php(208): Illuminate\\Cookie\\Middleware\\EncryptCookies->handle()
#42 C:\\Users\\Devy Relliani\\College_Project\\PPPL\\cegah-banjir\\vendor\\laravel\\framework\\src\\Illuminate\\Pipeline\\Pipeline.php(126): Illuminate\\Pipeline\\Pipeline->Illuminate\\Pipeline\\{closure}()
#43 C:\\Users\\Devy Relliani\\College_Project\\PPPL\\cegah-banjir\\vendor\\laravel\\framework\\src\\Illuminate\\Routing\\Router.php(807): Illuminate\\Pipeline\\Pipeline->then()
#44 C:\\Users\\Devy Relliani\\College_Project\\PPPL\\cegah-banjir\\vendor\\laravel\\framework\\src\\Illuminate\\Routing\\Router.php(786): Illuminate\\Routing\\Router->runRouteWithinStack()
#45 C:\\Users\\Devy Relliani\\College_Project\\PPPL\\cegah-banjir\\vendor\\laravel\\framework\\src\\Illuminate\\Routing\\Router.php(750): Illuminate\\Routing\\Router->runRoute()
#46 C:\\Users\\Devy Relliani\\College_Project\\PPPL\\cegah-banjir\\vendor\\laravel\\framework\\src\\Illuminate\\Routing\\Router.php(739): Illuminate\\Routing\\Router->dispatchToRoute()
#47 C:\\Users\\Devy Relliani\\College_Project\\PPPL\\cegah-banjir\\vendor\\laravel\\framework\\src\\Illuminate\\Foundation\\Http\\Kernel.php(200): Illuminate\\Routing\\Router->dispatch()
#48 C:\\Users\\Devy Relliani\\College_Project\\PPPL\\cegah-banjir\\vendor\\laravel\\framework\\src\\Illuminate\\Pipeline\\Pipeline.php(169): Illuminate\\Foundation\\Http\\Kernel->Illuminate\\Foundation\\Http\\{closure}()
#49 C:\\Users\\Devy Relliani\\College_Project\\PPPL\\cegah-banjir\\vendor\\laravel\\framework\\src\\Illuminate\\Foundation\\Http\\Middleware\\TransformsRequest.php(21): Illuminate\\Pipeline\\Pipeline->Illuminate\\Pipeline\\{closure}()
#50 C:\\Users\\Devy Relliani\\College_Project\\PPPL\\cegah-banjir\\vendor\\laravel\\framework\\src\\Illuminate\\Foundation\\Http\\Middleware\\ConvertEmptyStringsToNull.php(31): Illuminate\\Foundation\\Http\\Middleware\\TransformsRequest->handle()
#51 C:\\Users\\Devy Relliani\\College_Project\\PPPL\\cegah-banjir\\vendor\\laravel\\framework\\src\\Illuminate\\Pipeline\\Pipeline.php(208): Illuminate\\Foundation\\Http\\Middleware\\ConvertEmptyStringsToNull->handle()
#52 C:\\Users\\Devy Relliani\\College_Project\\PPPL\\cegah-banjir\\vendor\\laravel\\framework\\src\\Illuminate\\Foundation\\Http\\Middleware\\TransformsRequest.php(21): Illuminate\\Pipeline\\Pipeline->Illuminate\\Pipeline\\{closure}()
#53 C:\\Users\\Devy Relliani\\College_Project\\PPPL\\cegah-banjir\\vendor\\laravel\\framework\\src\\Illuminate\\Foundation\\Http\\Middleware\\TrimStrings.php(51): Illuminate\\Foundation\\Http\\Middleware\\TransformsRequest->handle()
#54 C:\\Users\\Devy Relliani\\College_Project\\PPPL\\cegah-banjir\\vendor\\laravel\\framework\\src\\Illuminate\\Pipeline\\Pipeline.php(208): Illuminate\\Foundation\\Http\\Middleware\\TrimStrings->handle()
#55 C:\\Users\\Devy Relliani\\College_Project\\PPPL\\cegah-banjir\\vendor\\laravel\\framework\\src\\Illuminate\\Http\\Middleware\\ValidatePostSize.php(27): Illuminate\\Pipeline\\Pipeline->Illuminate\\Pipeline\\{closure}()
#56 C:\\Users\\Devy Relliani\\College_Project\\PPPL\\cegah-banjir\\vendor\\laravel\\framework\\src\\Illuminate\\Pipeline\\Pipeline.php(208): Illuminate\\Http\\Middleware\\ValidatePostSize->handle()
#57 C:\\Users\\Devy Relliani\\College_Project\\PPPL\\cegah-banjir\\vendor\\laravel\\framework\\src\\Illuminate\\Foundation\\Http\\Middleware\\PreventRequestsDuringMaintenance.php(109): Illuminate\\Pipeline\\Pipeline->Illuminate\\Pipeline\\{closure}()
#58 C:\\Users\\Devy Relliani\\College_Project\\PPPL\\cegah-banjir\\vendor\\laravel\\framework\\src\\Illuminate\\Pipeline\\Pipeline.php(208): Illuminate\\Foundation\\Http\\Middleware\\PreventRequestsDuringMaintenance->handle()
#59 C:\\Users\\Devy Relliani\\College_Project\\PPPL\\cegah-banjir\\vendor\\laravel\\framework\\src\\Illuminate\\Http\\Middleware\\HandleCors.php(48): Illuminate\\Pipeline\\Pipeline->Illuminate\\Pipeline\\{closure}()
#60 C:\\Users\\Devy Relliani\\College_Project\\PPPL\\cegah-banjir\\vendor\\laravel\\framework\\src\\Illuminate\\Pipeline\\Pipeline.php(208): Illuminate\\Http\\Middleware\\HandleCors->handle()
#61 C:\\Users\\Devy Relliani\\College_Project\\PPPL\\cegah-banjir\\vendor\\laravel\\framework\\src\\Illuminate\\Http\\Middleware\\TrustProxies.php(58): Illuminate\\Pipeline\\Pipeline->Illuminate\\Pipeline\\{closure}()
#62 C:\\Users\\Devy Relliani\\College_Project\\PPPL\\cegah-banjir\\vendor\\laravel\\framework\\src\\Illuminate\\Pipeline\\Pipeline.php(208): Illuminate\\Http\\Middleware\\TrustProxies->handle()
#63 C:\\Users\\Devy Relliani\\College_Project\\PPPL\\cegah-banjir\\vendor\\laravel\\framework\\src\\Illuminate\\Foundation\\Http\\Middleware\\InvokeDeferredCallbacks.php(22): Illuminate\\Pipeline\\Pipeline->Illuminate\\Pipeline\\{closure}()
#64 C:\\Users\\Devy Relliani\\College_Project\\PPPL\\cegah-banjir\\vendor\\laravel\\framework\\src\\Illuminate\\Pipeline\\Pipeline.php(208): Illuminate\\Foundation\\Http\\Middleware\\InvokeDeferredCallbacks->handle()
#65 C:\\Users\\Devy Relliani\\College_Project\\PPPL\\cegah-banjir\\vendor\\laravel\\framework\\src\\Illuminate\\Http\\Middleware\\ValidatePathEncoding.php(26): Illuminate\\Pipeline\\Pipeline->Illuminate\\Pipeline\\{closure}()
#66 C:\\Users\\Devy Relliani\\College_Project\\PPPL\\cegah-banjir\\vendor\\laravel\\framework\\src\\Illuminate\\Pipeline\\Pipeline.php(208): Illuminate\\Http\\Middleware\\ValidatePathEncoding->handle()
#67 C:\\Users\\Devy Relliani\\College_Project\\PPPL\\cegah-banjir\\vendor\\laravel\\framework\\src\\Illuminate\\Pipeline\\Pipeline.php(126): Illuminate\\Pipeline\\Pipeline->Illuminate\\Pipeline\\{closure}()
#68 C:\\Users\\Devy Relliani\\College_Project\\PPPL\\cegah-banjir\\vendor\\laravel\\framework\\src\\Illuminate\\Foundation\\Http\\Kernel.php(175): Illuminate\\Pipeline\\Pipeline->then()
#69 C:\\Users\\Devy Relliani\\College_Project\\PPPL\\cegah-banjir\\vendor\\laravel\\framework\\src\\Illuminate\\Foundation\\Http\\Kernel.php(144): Illuminate\\Foundation\\Http\\Kernel->sendRequestThroughRouter()
#70 C:\\Users\\Devy Relliani\\College_Project\\PPPL\\cegah-banjir\\vendor\\laravel\\framework\\src\\Illuminate\\Foundation\\Application.php(1219): Illuminate\\Foundation\\Http\\Kernel->handle()
#71 C:\\Users\\Devy Relliani\\College_Project\\PPPL\\cegah-banjir\\public\\index.php(20): Illuminate\\Foundation\\Application->handleRequest()
#72 C:\\Users\\Devy Relliani\\College_Project\\PPPL\\cegah-banjir\\vendor\\laravel\\framework\\src\\Illuminate\\Foundation\\resources\\server.php(23): require_once('...')
#73 {main}
"} 
